<?xml version="1.0" encoding="UTF-8"?>
<con:soapui-project name="TEST_YG_SAP_GROOVY" resourceRoot="" soapui-version="5.5.0" abortOnError="false" runType="SEQUENTIAL" activeEnvironment="Default" id="e6532b6a-a47d-4e73-be42-a050f3d4c164" xmlns:con="http://eviware.com/soapui/config"><con:settings/><con:interface xsi:type="con:WsdlInterface" wsaVersion="NONE" name="servizicoapWSSoapBinding" type="wsdl" bindingName="{http://servizi.lavoro.gov.it/servizicoap}servizicoapWSSoapBinding" soapVersion="1_1" anonymous="optional" definition="C:/Users/SOrioli/Documents/LAVORO/OneDrive - Engineering Ingegneria Informatica S.p.A/2018_LAVORO/_riuso/doc_min/20180920_Sap_Conferimento/Servizio di Get semplificato dello stato di una DID/Flusso SAP/Sap.AllegatiDecreto/Regole di Trasmissione/sapWS.wsdl" id="d8e962c9-6e5e-4641-bb30-a9ce37dac937" xmlns:xsi="http://www.w3.org/2001/XMLSchema-instance"><con:settings/><con:definitionCache type="TEXT" rootPart="file:/C:/Users/SOrioli/Documents/LAVORO/OneDrive%20-%20Engineering%20Ingegneria%20Informatica%20S.p.A/2018_LAVORO/_riuso/doc_min/20180920_Sap_Conferimento/Servizio%20di%20Get%20semplificato%20dello%20stato%20di%20una%20DID/Flusso%20SAP/Sap.AllegatiDecreto/Regole%20di%20Trasmissione/sapWS.wsdl"><con:part><con:url>file:/C:/Users/SOrioli/Documents/LAVORO/OneDrive%20-%20Engineering%20Ingegneria%20Informatica%20S.p.A/2018_LAVORO/_riuso/doc_min/20180920_Sap_Conferimento/Servizio%20di%20Get%20semplificato%20dello%20stato%20di%20una%20DID/Flusso%20SAP/Sap.AllegatiDecreto/Regole%20di%20Trasmissione/sapWS.wsdl</con:url><con:content><![CDATA[<wsdl:definitions name="servizicoap" targetNamespace="http://servizi.lavoro.gov.it/servizicoap" xmlns:wsdl="http://schemas.xmlsoap.org/wsdl/" xmlns:xsd="http://www.w3.org/2001/XMLSchema" xmlns:wsdlsoap="http://schemas.xmlsoap.org/wsdl/soap/" xmlns:intf="http://servizi.lavoro.gov.it/servizicoap" xmlns:impl="http://servizi.lavoro.gov.it/servizicoap" xmlns:types="http://servizi.lavoro.gov.it/servizicoap/types" xmlns:apachesoap="http://xml.apache.org/xml-soap">
  <wsdl:types>
    <xsd:schema elementFormDefault="qualified" targetNamespace="http://servizi.lavoro.gov.it/servizicoap/types">
      <xsd:complexType name="richiesta_invioSAP_Type">
        <xsd:sequence>
          <xsd:element name="SAP" type="xsd:string">
            <xsd:annotation>
              <xsd:appinfo>http://servizi.lavoro.gov.it/servizicoap/types/Sap.xsd</xsd:appinfo>
            </xsd:annotation>
          </xsd:element>
        </xsd:sequence>
      </xsd:complexType>
      <xsd:element name="invioSAP" type="types:richiesta_invioSAP_Type"/>
      <xsd:complexType name="risposta_invioSAP_Type">
        <xsd:sequence>
          <xsd:element name="Esito">
            <xsd:simpleType>
              <xsd:restriction base="xsd:string">
                <xsd:enumeration value="OK"/>
                <xsd:enumeration value="KO"/>
              </xsd:restriction>
            </xsd:simpleType>
          </xsd:element>
          <xsd:element name="MessaggioErrore" type="xsd:string"/>
          <xsd:element name="CodiceSAP" type="xsd:string"/>
        </xsd:sequence>
      </xsd:complexType>
      <xsd:element name="risposta_invioSAP" type="types:risposta_invioSAP_Type"/>
      <xsd:complexType name="richiesta_richiestaSAP_Type">
        <xsd:sequence>
          <xsd:element name="CodiceSAP" type="xsd:string">
            <xsd:annotation>
              <xsd:appinfo>http://servizi.lavoro.gov.it/servizicoap/types/Sap.xsd</xsd:appinfo>
            </xsd:annotation>
          </xsd:element>
        </xsd:sequence>
      </xsd:complexType>
      <xsd:element name="richiestaSAP" type="types:richiesta_richiestaSAP_Type"/>
      <xsd:complexType name="risposta_richiestaSAP_Type">
        <xsd:sequence>
          <xsd:element name="SAP" type="xsd:string"/>
        </xsd:sequence>
      </xsd:complexType>
      <xsd:element name="risposta_richiestaSAP" type="types:risposta_richiestaSAP_Type"/>
      <xsd:complexType name="richiesta_recuperaListaSAPNonAttive_Type">
        <xsd:sequence>
          <xsd:element name="Parametri" type="xsd:string">
            <xsd:annotation>
              <xsd:appinfo>http://servizi.lavoro.gov.it/servizicoap/types/Sap.xsd</xsd:appinfo>
            </xsd:annotation>
          </xsd:element>
        </xsd:sequence>
      </xsd:complexType>
      <xsd:element name="recuperaListaSAPNonAttive" type="types:richiesta_recuperaListaSAPNonAttive_Type"/>
      <xsd:complexType name="risposta_recuperaListaSAPNonAttive_Type">
        <xsd:sequence>
          <xsd:element name="SAPs" type="types:stringList"/>
        </xsd:sequence>
      </xsd:complexType>
      <xsd:simpleType name="stringList">
        <xsd:list itemType="xsd:string"/>
      </xsd:simpleType>
      <xsd:element name="risposta_recuperaListaSAPNonAttive" type="types:risposta_recuperaListaSAPNonAttive_Type"/>
      <xsd:complexType name="richiesta_verificaEsistenzaSAP_Type">
        <xsd:sequence>
          <xsd:element name="CodiceFiscale" type="xsd:string">
            <xsd:annotation>
              <xsd:appinfo>http://servizi.lavoro.gov.it/servizicoap/types/Sap.xsd</xsd:appinfo>
            </xsd:annotation>
          </xsd:element>
        </xsd:sequence>
      </xsd:complexType>
      <xsd:element name="verificaEsistenzaSAP" type="types:richiesta_verificaEsistenzaSAP_Type"/>
      <xsd:complexType name="risposta_verificaEsistenzaSAP_Type">
        <xsd:sequence>
          <xsd:element name="CodiceSAP" type="xsd:string"/>
        </xsd:sequence>
      </xsd:complexType>
      <xsd:element name="risposta_verificaEsistenzaSAP" type="types:risposta_verificaEsistenzaSAP_Type"/>
      <xsd:complexType name="richiesta_richiestaCodSAPRegTitolare_Type">
        <xsd:sequence>
          <xsd:element name="CodiceFiscale" type="xsd:string">
            <xsd:annotation>
              <xsd:appinfo>http://servizi.lavoro.gov.it/servizicoap/types/Sap.xsd</xsd:appinfo>
            </xsd:annotation>
          </xsd:element>
        </xsd:sequence>
      </xsd:complexType>
      <xsd:element name="richiestaCodSAPRegTitolare" type="types:richiesta_richiestaCodSAPRegTitolare_Type"/>
      <xsd:complexType name="risposta_richiestaCodSAPRegTitolare_Type">
        <xsd:sequence>
          <xsd:element name="CodiceSAP" type="xsd:string"/>
          <xsd:element name="CodiceRegione" type="xsd:string"/>
        </xsd:sequence>
      </xsd:complexType>
      <xsd:element name="risposta_richiestaCodSAPRegTitolare" type="types:risposta_richiestaCodSAPRegTitolare_Type"/>
      <xsd:complexType name="richiesta_annullaSAP_Type">
        <xsd:sequence>
          <xsd:element name="CodiceSAP" type="xsd:string">
            <xsd:annotation>
              <xsd:appinfo>http://servizi.lavoro.gov.it/servizicoap/types/Sap.xsd</xsd:appinfo>
            </xsd:annotation>
          </xsd:element>
        </xsd:sequence>
      </xsd:complexType>
      <xsd:element name="annullaSAP" type="types:richiesta_annullaSAP_Type"/>
      <xsd:complexType name="risposta_annullaSAP_Type">
        <xsd:sequence>
          <xsd:element name="Esito">
            <xsd:simpleType>
              <xsd:restriction base="xsd:string">
                <xsd:enumeration value="OK"/>
                <xsd:enumeration value="KO"/>
              </xsd:restriction>
            </xsd:simpleType>
          </xsd:element>
          <xsd:element name="MessaggioErrore" type="xsd:string"/>
        </xsd:sequence>
      </xsd:complexType>
      <xsd:element name="risposta_annullaSAP" type="types:risposta_annullaSAP_Type"/>
      <xsd:complexType name="richiesta_notificaSAP_Type">
        <xsd:sequence>
          <xsd:element name="CodiceSAP" type="xsd:string"/>
          <xsd:element name="MotivoNotifica" type="xsd:string"/>
        </xsd:sequence>
      </xsd:complexType>
      <xsd:element name="notificaSAP" type="types:richiesta_notificaSAP_Type"/>
      <xsd:complexType name="risposta_notificaSAP_Type">
        <xsd:sequence>
          <xsd:element name="Esito">
            <xsd:simpleType>
              <xsd:restriction base="xsd:string">
                <xsd:enumeration value="OK"/>
                <xsd:enumeration value="KO"/>
              </xsd:restriction>
            </xsd:simpleType>
          </xsd:element>
          <xsd:element name="MessaggioErrore" type="xsd:string"/>
        </xsd:sequence>
      </xsd:complexType>
      <xsd:element name="risposta_notificaSAP" type="types:risposta_notificaSAP_Type"/>
      <!--aggiunta-->
      <xsd:complexType name="richiesta_richiestaSAP_N00_A02_Type">
        <xsd:sequence>
          <xsd:element name="CodiceFiscale" type="xsd:string"></xsd:element>
        </xsd:sequence>
      </xsd:complexType>
      <xsd:element name="richiestaSAP_N00_A02" type="types:richiesta_richiestaSAP_N00_A02_Type"/>
      <xsd:complexType name="risposta_richiestaSAP_N00_A02_Type">
        <xsd:sequence>
          <xsd:element name="DID" type="xsd:string"/>
        </xsd:sequence>
      </xsd:complexType>
      <xsd:element name="risposta_richiestaSAP_N00_A02" type="types:risposta_richiestaSAP_N00_A02_Type"/>
    </xsd:schema>
  </wsdl:types>
  <wsdl:message name="risposta_invioSAP_Msg">
    <wsdl:part name="parameters" element="types:risposta_invioSAP"/>
  </wsdl:message>
  <wsdl:message name="richiesta_invioSAP_Msg">
    <wsdl:part name="parameters" element="types:invioSAP"/>
  </wsdl:message>
  <wsdl:message name="risposta_richiestaSAP_Msg">
    <wsdl:part name="parameters" element="types:risposta_richiestaSAP"/>
  </wsdl:message>
  <wsdl:message name="richiesta_richiestaSAP_Msg">
    <wsdl:part name="parameters" element="types:richiestaSAP"/>
  </wsdl:message>
  <wsdl:message name="risposta_recuperaListaSAPNonAttive_Msg">
    <wsdl:part name="parameters" element="types:risposta_recuperaListaSAPNonAttive"/>
  </wsdl:message>
  <wsdl:message name="richiesta_recuperaListaSAPNonAttive_Msg">
    <wsdl:part name="parameters" element="types:recuperaListaSAPNonAttive"/>
  </wsdl:message>
  <wsdl:message name="risposta_verificaEsistenzaSAP_Msg">
    <wsdl:part name="parameters" element="types:risposta_verificaEsistenzaSAP"/>
  </wsdl:message>
  <wsdl:message name="richiesta_verificaEsistenzaSAP_Msg">
    <wsdl:part name="parameters" element="types:verificaEsistenzaSAP"/>
  </wsdl:message>
  <wsdl:message name="risposta_richiestaCodSAPRegTitolare_Msg">
    <wsdl:part name="parameters" element="types:risposta_richiestaCodSAPRegTitolare"/>
  </wsdl:message>
  <wsdl:message name="richiesta_richiestaCodSAPRegTitolare_Msg">
    <wsdl:part name="parameters" element="types:richiestaCodSAPRegTitolare"/>
  </wsdl:message>
  <wsdl:message name="richiesta_annullaSAP_Msg">
    <wsdl:part name="parameters" element="types:annullaSAP"/>
  </wsdl:message>
  <wsdl:message name="risposta_annullaSAP_Msg">
    <wsdl:part name="parameters" element="types:risposta_annullaSAP"/>
  </wsdl:message>
  <wsdl:message name="richiesta_notificaSAP_Msg">
    <wsdl:part name="parameters" element="types:notificaSAP"/>
  </wsdl:message>
  <wsdl:message name="risposta_notificaSAP_Msg">
    <wsdl:part name="parameters" element="types:risposta_notificaSAP"/>
  </wsdl:message>
  <!--aggiunta-->
  <wsdl:message name="risposta_richiestaSAP_N00_A02_Msg">
    <wsdl:part name="parameters" element="types:risposta_richiestaSAP_N00_A02"/>
  </wsdl:message>
  <wsdl:message name="richiesta_richiestaSAP_N00_A02_Msg">
    <wsdl:part name="parameters" element="types:richiestaSAP_N00_A02"/>
  </wsdl:message>
  <wsdl:portType name="servizicoapWS">
    <wsdl:operation name="invioSAP">
      <wsdl:input message="intf:richiesta_invioSAP_Msg"/>
      <wsdl:output message="intf:risposta_invioSAP_Msg"/>
    </wsdl:operation>
    <wsdl:operation name="richiestaSAP">
      <wsdl:input message="intf:richiesta_richiestaSAP_Msg"/>
      <wsdl:output message="intf:risposta_richiestaSAP_Msg"/>
    </wsdl:operation>
    <wsdl:operation name="recuperaListaSAPNonAttive">
      <wsdl:input message="intf:richiesta_recuperaListaSAPNonAttive_Msg"/>
      <wsdl:output message="intf:risposta_recuperaListaSAPNonAttive_Msg"/>
    </wsdl:operation>
    <wsdl:operation name="verificaEsistenzaSAP">
      <wsdl:input message="intf:richiesta_verificaEsistenzaSAP_Msg"/>
      <wsdl:output message="intf:risposta_verificaEsistenzaSAP_Msg"/>
    </wsdl:operation>
    <wsdl:operation name="richiestaCodSAPRegTitolare">
      <wsdl:input message="intf:richiesta_richiestaCodSAPRegTitolare_Msg"/>
      <wsdl:output message="intf:risposta_richiestaCodSAPRegTitolare_Msg"/>
    </wsdl:operation>
    <wsdl:operation name="annullaSAP">
      <wsdl:input message="intf:richiesta_annullaSAP_Msg"/>
      <wsdl:output message="intf:risposta_annullaSAP_Msg"/>
    </wsdl:operation>
    <wsdl:operation name="notificaSAP">
      <wsdl:input message="intf:richiesta_notificaSAP_Msg"/>
      <wsdl:output message="intf:risposta_notificaSAP_Msg"/>
    </wsdl:operation>
    <!--aggiunta-->
    <wsdl:operation name="richiestaSAP_N00_A02">
      <wsdl:input message="intf:richiesta_richiestaSAP_N00_A02_Msg"/>
      <wsdl:output message="intf:risposta_richiestaSAP_N00_A02_Msg"/>
    </wsdl:operation>
  </wsdl:portType>
  <wsdl:binding name="servizicoapWSSoapBinding" type="intf:servizicoapWS">
    <wsdlsoap:binding style="document" transport="http://schemas.xmlsoap.org/soap/http"/>
    <wsdl:operation name="invioSAP">
      <wsdlsoap:operation/>
      <wsdl:input>
        <wsdlsoap:body use="literal"/>
      </wsdl:input>
      <wsdl:output>
        <wsdlsoap:body use="literal"/>
      </wsdl:output>
    </wsdl:operation>
    <wsdl:operation name="richiestaSAP">
      <wsdlsoap:operation/>
      <wsdl:input>
        <wsdlsoap:body use="literal"/>
      </wsdl:input>
      <wsdl:output>
        <wsdlsoap:body use="literal"/>
      </wsdl:output>
    </wsdl:operation>
    <wsdl:operation name="recuperaListaSAPNonAttive">
      <wsdlsoap:operation/>
      <wsdl:input>
        <wsdlsoap:body use="literal"/>
      </wsdl:input>
      <wsdl:output>
        <wsdlsoap:body use="literal"/>
      </wsdl:output>
    </wsdl:operation>
    <wsdl:operation name="verificaEsistenzaSAP">
      <wsdlsoap:operation/>
      <wsdl:input>
        <wsdlsoap:body use="literal"/>
      </wsdl:input>
      <wsdl:output>
        <wsdlsoap:body use="literal"/>
      </wsdl:output>
    </wsdl:operation>
    <wsdl:operation name="richiestaCodSAPRegTitolare">
      <wsdlsoap:operation/>
      <wsdl:input>
        <wsdlsoap:body use="literal"/>
      </wsdl:input>
      <wsdl:output>
        <wsdlsoap:body use="literal"/>
      </wsdl:output>
    </wsdl:operation>
    <wsdl:operation name="annullaSAP">
      <wsdlsoap:operation/>
      <wsdl:input>
        <wsdlsoap:body use="literal"/>
      </wsdl:input>
      <wsdl:output>
        <wsdlsoap:body use="literal"/>
      </wsdl:output>
    </wsdl:operation>
    <wsdl:operation name="notificaSAP">
      <wsdlsoap:operation/>
      <wsdl:input>
        <wsdlsoap:body use="literal"/>
      </wsdl:input>
      <wsdl:output>
        <wsdlsoap:body use="literal"/>
      </wsdl:output>
    </wsdl:operation>
    <!--aggiunta-->
    <wsdl:operation name="richiestaSAP_N00_A02">
      <wsdlsoap:operation/>
      <wsdl:input>
        <wsdlsoap:body use="literal"/>
      </wsdl:input>
      <wsdl:output>
        <wsdlsoap:body use="literal"/>
      </wsdl:output>
    </wsdl:operation>
  </wsdl:binding>
  <wsdl:service name="servizicoapWSService">
    <wsdl:port name="servizicoapWS" binding="intf:servizicoapWSSoapBinding">
      <wsdlsoap:address location=""/>
    </wsdl:port>
  </wsdl:service>
</wsdl:definitions>]]></con:content><con:type>http://schemas.xmlsoap.org/wsdl/</con:type></con:part></con:definitionCache><con:endpoints><con:endpoint>http://localhost:8080/mockservizicoapWSSoapBinding/richiestaSAP</con:endpoint><con:endpoint>https://pddtest-ext.regione.emilia-romagna.it/pdd/PD/ServiziSAP/richiestaSAP</con:endpoint><con:endpoint>https://pddtest.regione.emilia-romagna.it/pdd/PD/ServiziSAP/verificaEsistenzaSAP</con:endpoint><con:endpoint>https://plutone.bo.eng.it/WsStub/servizicoapWSService?wsdl</con:endpoint></con:endpoints><con:operation isOneWay="false" action="" name="annullaSAP" bindingOperationName="annullaSAP" type="Request-Response" inputName="" sendsAttachments="false" anonymous="optional" id="00148f1d-afbb-4abe-ad48-7cddc3641511" receivesAttachments="false"><con:settings/><con:call name="Request 1" id="38662520-a306-4470-aeec-a592f4259049"><con:settings><con:setting id="com.eviware.soapui.impl.wsdl.WsdlRequest@request-headers">&lt;xml-fragment/></con:setting></con:settings><con:encoding>UTF-8</con:encoding><con:endpoint>https://-plutone.bo.eng.it/WsStub/servizicoapWSService?wsdl</con:endpoint><con:request><![CDATA[<soapenv:Envelope xmlns:soapenv="http://schemas.xmlsoap.org/soap/envelope/" xmlns:typ="http://servizi.lavoro.gov.it/servizicoap/types">
   <soapenv:Header/>
   <soapenv:Body>
      <typ:annullaSAP>
         <typ:CodiceSAP>AA00680094U</typ:CodiceSAP>
      </typ:annullaSAP>
   </soapenv:Body>
</soapenv:Envelope>]]></con:request><con:credentials><con:authType>No Authorization</con:authType></con:credentials><con:jmsConfig JMSDeliveryMode="PERSISTENT"/><con:jmsPropertyConfig/><con:wsaConfig mustUnderstand="NONE" version="200508" action="http://servizi.lavoro.gov.it/servizicoap/servizicoapWS/annullaSAPRequest"/><con:wsrmConfig version="1.2"/></con:call></con:operation><con:operation isOneWay="false" action="" name="invioSAP" bindingOperationName="invioSAP" type="Request-Response" inputName="" receivesAttachments="false" sendsAttachments="false" anonymous="optional" id="865f7ccc-deec-4b87-8af0-aeef2b76c46e"><con:settings/><con:call name="Request 1" id="40634d02-3907-46d4-81d1-a143014c7061"><con:settings><con:setting id="com.eviware.soapui.impl.wsdl.WsdlRequest@request-headers">&lt;xml-fragment/></con:setting></con:settings><con:encoding>UTF-8</con:encoding><con:endpoint>https://-pddtest-ext.regione.emilia-romagna.it/pdd/PD/ServiziSAP/invioSAP</con:endpoint><con:request><![CDATA[<soapenv:Envelope xmlns:soapenv="http://schemas.xmlsoap.org/soap/envelope/" xmlns:typ="http://servizi.lavoro.gov.it/servizicoap/types">
   <soapenv:Header/>
   <soapenv:Body>
      <typ:invioSAP>
         <typ:SAP><![CDATA[<?xml version="1.0" encoding="utf-8"?>
<lavoratore>
  <datiinvio>
    <dataultimoagg>2014-11-20</dataultimoagg>
    <!--<identificativosap>AA00518926Y</identificativosap>-->
    <codiceentetit></codiceentetit>
    <tipovariazione>01</tipovariazione>
    <datadinascita>1986-04-04</datadinascita>
  </datiinvio>
  <datianagrafici>
    <datipersonali>
      <codicefiscale>ZNDLGU86D04I787Y</codicefiscale>
      <cognome>ZONDINI</cognome>
      <nome>LUIGI</nome>
      <sesso>M</sesso>
      <datanascita>1986-04-04</datanascita>
      <codcomune>I787</codcomune>
      <codcittadinanza>000</codcittadinanza>
    </datipersonali>
    <residenza>
      <codcomune>B188</codcomune>
      <cap>48013</cap>
      <indirizzo>Indirizzo non disponibile</indirizzo>
    </residenza>
    <domicilio>
      <codcomune>B188</codcomune>
      <cap>48013</cap>
      <indirizzo>Indirizzo non disponibile</indirizzo>
    </domicilio>
    <recapiti>
      <telefono>2123010627</telefono>
    </recapiti>
  </datianagrafici>
  <datiamministrativi>
    <statoinanagrafe>
      <codstatooccupazionale>AL</codstatooccupazionale>
      <codstatus>CS</codstatus>
    </statoinanagrafe>
    <assolvimentoistruzione>
      <obbligoformativo>SI</obbligoformativo>
    </assolvimentoistruzione>
  </datiamministrativi>
  <esperienzelavoro_lst>
    <esperienzalavoro>
      <azienda>
        <codicefiscale>00130680390</codicefiscale>
        <datorelavoro>AZ.AGR.FRATELLI LAGHI</datorelavoro>
        <indirizzoazienda>VIA BONDIOLO 06 (FAENZA, 48018)</indirizzoazienda>
        <codateco>01.61.00</codateco>
      </azienda>
      <datainizio>1996-07-01</datainizio>
      <datafine>1996-09-30</datafine>
      <codprofessione>8.3.1.1.0.7</codprofessione>
      <compiti>bracciante agricolo</compiti>
      <tiporapporto>
        <tipocontratto>A.02.00</tipocontratto>
        <assunzioneLegge68>NO</assunzioneLegge68>
        <lavInMobilita>NO</lavInMobilita>
        <lavoroStagionale>NO</lavoroStagionale>
        <lavoroInAgricoltura>NO</lavoroInAgricoltura>
      </tiporapporto>
      <modalitalavoro>
        <codmodalitalavoro>FT</codmodalitalavoro>
      </modalitalavoro>
      <luogolavoro>
        <indirizzo>VIA BONDIOLO 06 (FAENZA, 48018)</indirizzo>
        <codcomune>D458</codcomune>
      </luogolavoro>
    </esperienzalavoro>
    <esperienzalavoro>
      <azienda>
        <codicefiscale>00130680390</codicefiscale>
        <datorelavoro>AZ.AGR.FRATELLI LAGHI</datorelavoro>
        <indirizzoazienda>VIA BONDIOLO 06 (FAENZA, 48018)</indirizzoazienda>
        <codateco>01.61.00</codateco>
      </azienda>
      <datainizio>1996-10-03</datainizio>
      <datafine>1996-12-31</datafine>
      <codprofessione>8.3.1.1.0.7</codprofessione>
      <compiti>bracciante agricolo</compiti>
      <tiporapporto>
        <tipocontratto>A.02.00</tipocontratto>
        <assunzioneLegge68>NO</assunzioneLegge68>
        <lavInMobilita>NO</lavInMobilita>
        <lavoroStagionale>NO</lavoroStagionale>
        <lavoroInAgricoltura>NO</lavoroInAgricoltura>
      </tiporapporto>
      <modalitalavoro>
        <codmodalitalavoro>FT</codmodalitalavoro>
      </modalitalavoro>
      <luogolavoro>
        <indirizzo>VIA BONDIOLO 06 (FAENZA, 48018)</indirizzo>
        <codcomune>D458</codcomune>
      </luogolavoro>
    </esperienzalavoro>
    <esperienzalavoro>
      <azienda>
        <codicefiscale>00130680390</codicefiscale>
        <datorelavoro>AZ.AGR.FRATELLI LAGHI</datorelavoro>
        <indirizzoazienda>VIA BONDIOLO 06 (FAENZA, 48018)</indirizzoazienda>
        <codateco>01.61.00</codateco>
      </azienda>
      <datainizio>1997-01-08</datainizio>
      <datafine>1997-03-31</datafine>
      <codprofessione>8.3.1.1.0.7</codprofessione>
      <compiti>bracciante agricolo</compiti>
      <tiporapporto>
        <tipocontratto>A.02.00</tipocontratto>
        <assunzioneLegge68>NO</assunzioneLegge68>
        <lavInMobilita>NO</lavInMobilita>
        <lavoroStagionale>NO</lavoroStagionale>
        <lavoroInAgricoltura>NO</lavoroInAgricoltura>
      </tiporapporto>
      <modalitalavoro>
        <codmodalitalavoro>FT</codmodalitalavoro>
      </modalitalavoro>
      <luogolavoro>
        <indirizzo>VIA BONDIOLO 06 (FAENZA, 48018)</indirizzo>
        <codcomune>D458</codcomune>
      </luogolavoro>
    </esperienzalavoro>
    <esperienzalavoro>
      <azienda>
        <codicefiscale>00130680390</codicefiscale>
        <datorelavoro>AZ.AGR.FRATELLI LAGHI</datorelavoro>
        <indirizzoazienda>VIA BONDIOLO 06 (FAENZA, 48018)</indirizzoazienda>
        <codateco>01.61.00</codateco>
      </azienda>
      <datainizio>1997-04-01</datainizio>
      <datafine>1997-06-30</datafine>
      <codprofessione>8.3.1.1.0.7</codprofessione>
      <compiti>bracciante agricolo</compiti>
      <tiporapporto>
        <tipocontratto>A.02.00</tipocontratto>
        <assunzioneLegge68>NO</assunzioneLegge68>
        <lavInMobilita>NO</lavInMobilita>
        <lavoroStagionale>NO</lavoroStagionale>
        <lavoroInAgricoltura>NO</lavoroInAgricoltura>
      </tiporapporto>
      <modalitalavoro>
        <codmodalitalavoro>FT</codmodalitalavoro>
      </modalitalavoro>
      <luogolavoro>
        <indirizzo>VIA BONDIOLO 06 (FAENZA, 48018)</indirizzo>
        <codcomune>D458</codcomune>
      </luogolavoro>
    </esperienzalavoro>
    <esperienzalavoro>
      <azienda>
        <codicefiscale>00130680390</codicefiscale>
        <datorelavoro>AZ.AGR.FRATELLI LAGHI</datorelavoro>
        <indirizzoazienda>VIA BONDIOLO 06 (FAENZA, 48018)</indirizzoazienda>
        <codateco>01.61.00</codateco>
      </azienda>
      <datainizio>1997-07-01</datainizio>
      <datafine>1997-09-30</datafine>
      <codprofessione>8.3.1.1.0.7</codprofessione>
      <compiti>bracciante agricolo</compiti>
      <tiporapporto>
        <tipocontratto>A.02.00</tipocontratto>
        <assunzioneLegge68>NO</assunzioneLegge68>
        <lavInMobilita>NO</lavInMobilita>
        <lavoroStagionale>NO</lavoroStagionale>
        <lavoroInAgricoltura>NO</lavoroInAgricoltura>
      </tiporapporto>
      <modalitalavoro>
        <codmodalitalavoro>FT</codmodalitalavoro>
      </modalitalavoro>
      <luogolavoro>
        <indirizzo>VIA BONDIOLO 06 (FAENZA, 48018)</indirizzo>
        <codcomune>D458</codcomune>
      </luogolavoro>
    </esperienzalavoro>
    <esperienzalavoro>
      <azienda>
        <codicefiscale>00130680390</codicefiscale>
        <datorelavoro>AZ.AGR.FRATELLI LAGHI</datorelavoro>
        <indirizzoazienda>VIA BONDIOLO 06 (FAENZA, 48018)</indirizzoazienda>
        <codateco>01.61.00</codateco>
      </azienda>
      <datainizio>1997-10-01</datainizio>
      <datafine>1997-12-31</datafine>
      <codprofessione>8.3.1.1.0.7</codprofessione>
      <compiti>bracciante agricolo</compiti>
      <tiporapporto>
        <tipocontratto>A.02.00</tipocontratto>
        <assunzioneLegge68>NO</assunzioneLegge68>
        <lavInMobilita>NO</lavInMobilita>
        <lavoroStagionale>NO</lavoroStagionale>
        <lavoroInAgricoltura>NO</lavoroInAgricoltura>
      </tiporapporto>
      <modalitalavoro>
        <codmodalitalavoro>FT</codmodalitalavoro>
      </modalitalavoro>
      <luogolavoro>
        <indirizzo>VIA BONDIOLO 06 (FAENZA, 48018)</indirizzo>
        <codcomune>D458</codcomune>
      </luogolavoro>
    </esperienzalavoro>
    <esperienzalavoro>
      <azienda>
        <codicefiscale>00130680390</codicefiscale>
        <datorelavoro>AZ.AGR.FRATELLI LAGHI</datorelavoro>
        <indirizzoazienda>VIA BONDIOLO 06 (FAENZA, 48018)</indirizzoazienda>
        <codateco>01.61.00</codateco>
      </azienda>
      <datainizio>1998-01-08</datainizio>
      <datafine>1998-03-31</datafine>
      <codprofessione>8.3.1.1.0.7</codprofessione>
      <compiti>bracciante agricolo</compiti>
      <tiporapporto>
        <tipocontratto>A.02.00</tipocontratto>
        <assunzioneLegge68>NO</assunzioneLegge68>
        <lavInMobilita>NO</lavInMobilita>
        <lavoroStagionale>NO</lavoroStagionale>
        <lavoroInAgricoltura>NO</lavoroInAgricoltura>
      </tiporapporto>
      <modalitalavoro>
        <codmodalitalavoro>FT</codmodalitalavoro>
      </modalitalavoro>
      <luogolavoro>
        <indirizzo>VIA BONDIOLO 06 (FAENZA, 48018)</indirizzo>
        <codcomune>D458</codcomune>
      </luogolavoro>
    </esperienzalavoro>
    <esperienzalavoro>
      <azienda>
        <codicefiscale>SVGLSN59H21A944D</codicefiscale>
        <datorelavoro>SVEGLI ALESSANDRO</datorelavoro>
        <indirizzoazienda>V.GARIBALDI N.83 (LUGO, 48022)</indirizzoazienda>
        <codateco>01.61.00</codateco>
      </azienda>
      <datainizio>1998-03-16</datainizio>
      <datafine>1998-03-31</datafine>
      <codprofessione>6.4.1.2.0.9</codprofessione>
      <compiti>innestatore</compiti>
      <tiporapporto>
        <tipocontratto>A.02.00</tipocontratto>
        <assunzioneLegge68>NO</assunzioneLegge68>
        <lavInMobilita>NO</lavInMobilita>
        <lavoroStagionale>NO</lavoroStagionale>
        <lavoroInAgricoltura>NO</lavoroInAgricoltura>
      </tiporapporto>
      <modalitalavoro>
        <codmodalitalavoro>FT</codmodalitalavoro>
      </modalitalavoro>
      <luogolavoro>
        <indirizzo>V.GARIBALDI N.83 (LUGO, 48022)</indirizzo>
        <codcomune>E730</codcomune>
      </luogolavoro>
    </esperienzalavoro>
    <esperienzalavoro>
      <azienda>
        <codicefiscale>LGHPTR24M18D458A</codicefiscale>
        <datorelavoro>LAGHI PIETRO</datorelavoro>
        <indirizzoazienda>VIA BONDIOLO 6 (FAENZA, 48018)</indirizzoazienda>
        <codateco>01.61.00</codateco>
      </azienda>
      <datainizio>1998-04-14</datainizio>
      <datafine>1998-06-30</datafine>
      <codprofessione>8.3.1.1.0.7</codprofessione>
      <compiti>bracciante agricolo</compiti>
      <tiporapporto>
        <tipocontratto>A.02.00</tipocontratto>
        <assunzioneLegge68>NO</assunzioneLegge68>
        <lavInMobilita>NO</lavInMobilita>
        <lavoroStagionale>NO</lavoroStagionale>
        <lavoroInAgricoltura>NO</lavoroInAgricoltura>
      </tiporapporto>
      <modalitalavoro>
        <codmodalitalavoro>FT</codmodalitalavoro>
      </modalitalavoro>
      <luogolavoro>
        <indirizzo>VIA BONDIOLO 6 (FAENZA, 48018)</indirizzo>
        <codcomune>D458</codcomune>
      </luogolavoro>
    </esperienzalavoro>
    <esperienzalavoro>
      <azienda>
        <codicefiscale>LGHPTR24M18D458A</codicefiscale>
        <datorelavoro>LAGHI PIETRO</datorelavoro>
        <indirizzoazienda>VIA BONDIOLO 6 (FAENZA, 48018)</indirizzoazienda>
        <codateco>01.61.00</codateco>
      </azienda>
      <datainizio>1998-07-01</datainizio>
      <datafine>1998-09-30</datafine>
      <codprofessione>8.3.1.1.0.7</codprofessione>
      <compiti>bracciante agricolo</compiti>
      <tiporapporto>
        <tipocontratto>A.02.00</tipocontratto>
        <assunzioneLegge68>NO</assunzioneLegge68>
        <lavInMobilita>NO</lavInMobilita>
        <lavoroStagionale>NO</lavoroStagionale>
        <lavoroInAgricoltura>NO</lavoroInAgricoltura>
      </tiporapporto>
      <modalitalavoro>
        <codmodalitalavoro>FT</codmodalitalavoro>
      </modalitalavoro>
      <luogolavoro>
        <indirizzo>VIA BONDIOLO 6 (FAENZA, 48018)</indirizzo>
        <codcomune>D458</codcomune>
      </luogolavoro>
    </esperienzalavoro>
    <esperienzalavoro>
      <azienda>
        <codicefiscale>LGHPTR24M18D458A</codicefiscale>
        <datorelavoro>LAGHI PIETRO</datorelavoro>
        <indirizzoazienda>VIA BONDIOLO 6 (FAENZA, 48018)</indirizzoazienda>
        <codateco>01.61.00</codateco>
      </azienda>
      <datainizio>1998-10-01</datainizio>
      <datafine>1998-12-31</datafine>
      <codprofessione>8.3.1.1.0.7</codprofessione>
      <compiti>bracciante agricolo</compiti>
      <tiporapporto>
        <tipocontratto>A.02.00</tipocontratto>
        <assunzioneLegge68>NO</assunzioneLegge68>
        <lavInMobilita>NO</lavInMobilita>
        <lavoroStagionale>NO</lavoroStagionale>
        <lavoroInAgricoltura>NO</lavoroInAgricoltura>
      </tiporapporto>
      <modalitalavoro>
        <codmodalitalavoro>FT</codmodalitalavoro>
      </modalitalavoro>
      <luogolavoro>
        <indirizzo>VIA BONDIOLO 6 (FAENZA, 48018)</indirizzo>
        <codcomune>D458</codcomune>
      </luogolavoro>
    </esperienzalavoro>
    <esperienzalavoro>
      <azienda>
        <codicefiscale>LGHPTR24M18D458A</codicefiscale>
        <datorelavoro>LAGHI PIETRO</datorelavoro>
        <indirizzoazienda>VIA BONDIOLO 6 (FAENZA, 48018)</indirizzoazienda>
        <codateco>01.61.00</codateco>
      </azienda>
      <datainizio>1999-01-12</datainizio>
      <datafine>1999-03-31</datafine>
      <codprofessione>6.4.1.2.0.14</codprofessione>
      <compiti>potatore</compiti>
      <tiporapporto>
        <tipocontratto>A.02.00</tipocontratto>
        <assunzioneLegge68>NO</assunzioneLegge68>
        <lavInMobilita>NO</lavInMobilita>
        <lavoroStagionale>NO</lavoroStagionale>
        <lavoroInAgricoltura>NO</lavoroInAgricoltura>
      </tiporapporto>
      <modalitalavoro>
        <codmodalitalavoro>FT</codmodalitalavoro>
      </modalitalavoro>
      <luogolavoro>
        <indirizzo>VIA BONDIOLO 6 (FAENZA, 48018)</indirizzo>
        <codcomune>D458</codcomune>
      </luogolavoro>
    </esperienzalavoro>
    <esperienzalavoro>
      <azienda>
        <codicefiscale>LGHGPP31L07D458M</codicefiscale>
        <datorelavoro>LAGHI GIUSEPPE</datorelavoro>
        <indirizzoazienda>FAENZA BONCELLINO (FAENZA, 48018)</indirizzoazienda>
        <codateco>01.21.00</codateco>
      </azienda>
      <datainizio>1999-02-23</datainizio>
      <datafine>1999-03-31</datafine>
      <codprofessione>8.3.1.1.0.7</codprofessione>
      <compiti>bracciante agricolo</compiti>
      <tiporapporto>
        <tipocontratto>A.02.00</tipocontratto>
        <assunzioneLegge68>NO</assunzioneLegge68>
        <lavInMobilita>NO</lavInMobilita>
        <lavoroStagionale>NO</lavoroStagionale>
        <lavoroInAgricoltura>NO</lavoroInAgricoltura>
      </tiporapporto>
      <modalitalavoro>
        <codmodalitalavoro>FT</codmodalitalavoro>
      </modalitalavoro>
      <luogolavoro>
        <indirizzo>FAENZA BONCELLINO (FAENZA, 48018)</indirizzo>
        <codcomune>D458</codcomune>
      </luogolavoro>
    </esperienzalavoro>
    <esperienzalavoro>
      <azienda>
        <codicefiscale>LGHGPP31L07D458M</codicefiscale>
        <datorelavoro>LAGHI GIUSEPPE</datorelavoro>
        <indirizzoazienda>FAENZA BONCELLINO (FAENZA, 48018)</indirizzoazienda>
        <codateco>01.21.00</codateco>
      </azienda>
      <datainizio>1999-04-01</datainizio>
      <datafine>1999-04-30</datafine>
      <codprofessione>8.3.1.1.0.0</codprofessione>
      <compiti>Braccianti agricoli</compiti>
      <tiporapporto>
        <tipocontratto>A.02.00</tipocontratto>
        <assunzioneLegge68>NO</assunzioneLegge68>
        <lavInMobilita>NO</lavInMobilita>
        <lavoroStagionale>NO</lavoroStagionale>
        <lavoroInAgricoltura>NO</lavoroInAgricoltura>
      </tiporapporto>
      <modalitalavoro>
        <codmodalitalavoro>FT</codmodalitalavoro>
      </modalitalavoro>
      <luogolavoro>
        <indirizzo>FAENZA BONCELLINO (FAENZA, 48018)</indirizzo>
        <codcomune>D458</codcomune>
      </luogolavoro>
    </esperienzalavoro>
    <esperienzalavoro>
      <azienda>
        <codicefiscale>LGHGPP31L07D458M</codicefiscale>
        <datorelavoro>LAGHI GIUSEPPE</datorelavoro>
        <indirizzoazienda>FAENZA BONCELLINO (FAENZA, 48018)</indirizzoazienda>
        <codateco>01.21.00</codateco>
      </azienda>
      <datainizio>1999-05-03</datainizio>
      <datafine>1999-05-31</datafine>
      <codprofessione>8.3.1.1.0.7</codprofessione>
      <compiti>bracciante agricolo</compiti>
      <tiporapporto>
        <tipocontratto>A.02.00</tipocontratto>
        <assunzioneLegge68>NO</assunzioneLegge68>
        <lavInMobilita>NO</lavInMobilita>
        <lavoroStagionale>NO</lavoroStagionale>
        <lavoroInAgricoltura>NO</lavoroInAgricoltura>
      </tiporapporto>
      <modalitalavoro>
        <codmodalitalavoro>FT</codmodalitalavoro>
      </modalitalavoro>
      <luogolavoro>
        <indirizzo>FAENZA BONCELLINO (FAENZA, 48018)</indirizzo>
        <codcomune>D458</codcomune>
      </luogolavoro>
    </esperienzalavoro>
    <esperienzalavoro>
      <azienda>
        <codicefiscale>LGHGPP31L07D458M</codicefiscale>
        <datorelavoro>LAGHI GIUSEPPE</datorelavoro>
        <indirizzoazienda>FAENZA BONCELLINO (FAENZA, 48018)</indirizzoazienda>
        <codateco>01.21.00</codateco>
      </azienda>
      <datainizio>1999-06-08</datainizio>
      <datafine>1999-06-30</datafine>
      <codprofessione>8.3.1.1.0.7</codprofessione>
      <compiti>bracciante agricolo</compiti>
      <tiporapporto>
        <tipocontratto>A.02.00</tipocontratto>
        <assunzioneLegge68>NO</assunzioneLegge68>
        <lavInMobilita>NO</lavInMobilita>
        <lavoroStagionale>NO</lavoroStagionale>
        <lavoroInAgricoltura>NO</lavoroInAgricoltura>
      </tiporapporto>
      <modalitalavoro>
        <codmodalitalavoro>FT</codmodalitalavoro>
      </modalitalavoro>
      <luogolavoro>
        <indirizzo>FAENZA BONCELLINO (FAENZA, 48018)</indirizzo>
        <codcomune>D458</codcomune>
      </luogolavoro>
    </esperienzalavoro>
    <esperienzalavoro>
      <azienda>
        <codicefiscale>LGHGPP31L07D458M</codicefiscale>
        <datorelavoro>LAGHI GIUSEPPE</datorelavoro>
        <indirizzoazienda>FAENZA BONCELLINO (FAENZA, 48018)</indirizzoazienda>
        <codateco>01.21.00</codateco>
      </azienda>
      <datainizio>1999-07-01</datainizio>
      <datafine>1999-09-30</datafine>
      <codprofessione>8.3.1.1.0.7</codprofessione>
      <compiti>bracciante agricolo</compiti>
      <tiporapporto>
        <tipocontratto>A.02.00</tipocontratto>
        <assunzioneLegge68>NO</assunzioneLegge68>
        <lavInMobilita>NO</lavInMobilita>
        <lavoroStagionale>NO</lavoroStagionale>
        <lavoroInAgricoltura>NO</lavoroInAgricoltura>
      </tiporapporto>
      <modalitalavoro>
        <codmodalitalavoro>FT</codmodalitalavoro>
      </modalitalavoro>
      <luogolavoro>
        <indirizzo>FAENZA BONCELLINO (FAENZA, 48018)</indirizzo>
        <codcomune>D458</codcomune>
      </luogolavoro>
    </esperienzalavoro>
    <esperienzalavoro>
      <azienda>
        <codicefiscale>LGHGPP31L07D458M</codicefiscale>
        <datorelavoro>LAGHI GIUSEPPE</datorelavoro>
        <indirizzoazienda>FAENZA BONCELLINO (FAENZA, 48018)</indirizzoazienda>
        <codateco>01.21.00</codateco>
      </azienda>
      <datainizio>1999-10-01</datainizio>
      <datafine>1999-12-31</datafine>
      <codprofessione>8.3.1.1.0.7</codprofessione>
      <compiti>bracciante agricolo</compiti>
      <tiporapporto>
        <tipocontratto>A.02.00</tipocontratto>
        <assunzioneLegge68>NO</assunzioneLegge68>
        <lavInMobilita>NO</lavInMobilita>
        <lavoroStagionale>NO</lavoroStagionale>
        <lavoroInAgricoltura>NO</lavoroInAgricoltura>
      </tiporapporto>
      <modalitalavoro>
        <codmodalitalavoro>FT</codmodalitalavoro>
      </modalitalavoro>
      <luogolavoro>
        <indirizzo>FAENZA BONCELLINO (FAENZA, 48018)</indirizzo>
        <codcomune>D458</codcomune>
      </luogolavoro>
    </esperienzalavoro>
    <esperienzalavoro>
      <azienda>
        <codicefiscale>LGHGPP31L07D458M</codicefiscale>
        <datorelavoro>LAGHI GIUSEPPE</datorelavoro>
        <indirizzoazienda>FAENZA BONCELLINO (FAENZA, 48018)</indirizzoazienda>
        <codateco>01.21.00</codateco>
      </azienda>
      <datainizio>2000-01-18</datainizio>
      <datafine>2000-03-31</datafine>
      <codprofessione>6.4.1.2.0.14</codprofessione>
      <compiti>potatore</compiti>
      <tiporapporto>
        <tipocontratto>A.02.00</tipocontratto>
        <assunzioneLegge68>NO</assunzioneLegge68>
        <lavInMobilita>NO</lavInMobilita>
        <lavoroStagionale>NO</lavoroStagionale>
        <lavoroInAgricoltura>NO</lavoroInAgricoltura>
      </tiporapporto>
      <modalitalavoro>
        <codmodalitalavoro>FT</codmodalitalavoro>
      </modalitalavoro>
      <luogolavoro>
        <indirizzo>FAENZA BONCELLINO (FAENZA, 48018)</indirizzo>
        <codcomune>D458</codcomune>
      </luogolavoro>
    </esperienzalavoro>
    <esperienzalavoro>
      <azienda>
        <codicefiscale>LGHGPP31L07D458M</codicefiscale>
        <datorelavoro>LAGHI GIUSEPPE</datorelavoro>
        <indirizzoazienda>FAENZA BONCELLINO (FAENZA, 48018)</indirizzoazienda>
        <codateco>01.21.00</codateco>
      </azienda>
      <datainizio>2000-04-03</datainizio>
      <datafine>2000-12-31</datafine>
      <codprofessione>8.3.1.1.0.7</codprofessione>
      <compiti>bracciante agricolo</compiti>
      <tiporapporto>
        <tipocontratto>A.02.00</tipocontratto>
        <assunzioneLegge68>NO</assunzioneLegge68>
        <lavInMobilita>NO</lavInMobilita>
        <lavoroStagionale>NO</lavoroStagionale>
        <lavoroInAgricoltura>NO</lavoroInAgricoltura>
      </tiporapporto>
      <modalitalavoro>
        <codmodalitalavoro>FT</codmodalitalavoro>
      </modalitalavoro>
      <luogolavoro>
        <indirizzo>FAENZA BONCELLINO (FAENZA, 48018)</indirizzo>
        <codcomune>D458</codcomune>
      </luogolavoro>
    </esperienzalavoro>
    <esperienzalavoro>
      <azienda>
        <codicefiscale>LGHGPP31L07D458M</codicefiscale>
        <datorelavoro>LAGHI GIUSEPPE</datorelavoro>
        <indirizzoazienda>FAENZA BONCELLINO (FAENZA, 48018)</indirizzoazienda>
        <codateco>01.21.00</codateco>
      </azienda>
      <datainizio>2001-01-22</datainizio>
      <datafine>2001-12-30</datafine>
      <codprofessione>8.3.1.1.0.7</codprofessione>
      <compiti>bracciante agricolo</compiti>
      <tiporapporto>
        <tipocontratto>A.02.00</tipocontratto>
        <assunzioneLegge68>NO</assunzioneLegge68>
        <lavInMobilita>NO</lavInMobilita>
        <lavoroStagionale>NO</lavoroStagionale>
        <lavoroInAgricoltura>NO</lavoroInAgricoltura>
      </tiporapporto>
      <modalitalavoro>
        <codmodalitalavoro>FT</codmodalitalavoro>
      </modalitalavoro>
      <luogolavoro>
        <indirizzo>FAENZA BONCELLINO (FAENZA, 48018)</indirizzo>
        <codcomune>D458</codcomune>
      </luogolavoro>
    </esperienzalavoro>
    <esperienzalavoro>
      <azienda>
        <codicefiscale>LGHGPP31L07D458M</codicefiscale>
        <datorelavoro>LAGHI GIUSEPPE</datorelavoro>
        <indirizzoazienda>FAENZA BONCELLINO (FAENZA, 48018)</indirizzoazienda>
        <codateco>01.21.00</codateco>
      </azienda>
      <datainizio>2002-01-17</datainizio>
      <datafine>2002-12-30</datafine>
      <codprofessione>8.3.1.1.0.7</codprofessione>
      <compiti>bracciante agricolo</compiti>
      <tiporapporto>
        <tipocontratto>A.02.00</tipocontratto>
        <assunzioneLegge68>NO</assunzioneLegge68>
        <lavInMobilita>NO</lavInMobilita>
        <lavoroStagionale>NO</lavoroStagionale>
        <lavoroInAgricoltura>NO</lavoroInAgricoltura>
      </tiporapporto>
      <modalitalavoro>
        <codmodalitalavoro>FT</codmodalitalavoro>
      </modalitalavoro>
      <luogolavoro>
        <indirizzo>FAENZA BONCELLINO (FAENZA, 48018)</indirizzo>
        <codcomune>D458</codcomune>
      </luogolavoro>
    </esperienzalavoro>
    <esperienzalavoro>
      <azienda>
        <codicefiscale>LGHGPP31L07D458M</codicefiscale>
        <datorelavoro>LAGHI GIUSEPPE</datorelavoro>
        <indirizzoazienda>FAENZA BONCELLINO (FAENZA, 48018)</indirizzoazienda>
        <codateco>01.21.00</codateco>
      </azienda>
      <datainizio>2003-01-23</datainizio>
      <datafine>2003-12-30</datafine>
      <codprofessione>8.3.1.1.0.7</codprofessione>
      <compiti>bracciante agricolo</compiti>
      <tiporapporto>
        <tipocontratto>A.02.00</tipocontratto>
        <assunzioneLegge68>NO</assunzioneLegge68>
        <lavInMobilita>NO</lavInMobilita>
        <lavoroStagionale>NO</lavoroStagionale>
        <lavoroInAgricoltura>NO</lavoroInAgricoltura>
      </tiporapporto>
      <modalitalavoro>
        <codmodalitalavoro>FT</codmodalitalavoro>
      </modalitalavoro>
      <luogolavoro>
        <indirizzo>FAENZA BONCELLINO (FAENZA, 48018)</indirizzo>
        <codcomune>D458</codcomune>
      </luogolavoro>
    </esperienzalavoro>
    <esperienzalavoro>
      <azienda>
        <codicefiscale>LGHGPP31L07D458M</codicefiscale>
        <datorelavoro>LAGHI GIUSEPPE</datorelavoro>
        <indirizzoazienda>FAENZA BONCELLINO (FAENZA, 48018)</indirizzoazienda>
        <codateco>01.21.00</codateco>
      </azienda>
      <datainizio>2004-01-19</datainizio>
      <datafine>2004-12-30</datafine>
      <codprofessione>8.3.1.1.0.7</codprofessione>
      <compiti>bracciante agricolo</compiti>
      <tiporapporto>
        <tipocontratto>A.02.00</tipocontratto>
        <assunzioneLegge68>NO</assunzioneLegge68>
        <lavInMobilita>NO</lavInMobilita>
        <lavoroStagionale>NO</lavoroStagionale>
        <lavoroInAgricoltura>NO</lavoroInAgricoltura>
      </tiporapporto>
      <modalitalavoro>
        <codmodalitalavoro>FT</codmodalitalavoro>
      </modalitalavoro>
      <luogolavoro>
        <indirizzo>FAENZA BONCELLINO (FAENZA, 48018)</indirizzo>
        <codcomune>D458</codcomune>
      </luogolavoro>
    </esperienzalavoro>
    <esperienzalavoro>
      <azienda>
        <codicefiscale>LGHGPP31L07D458M</codicefiscale>
        <datorelavoro>LAGHI GIUSEPPE</datorelavoro>
        <indirizzoazienda>FAENZA BONCELLINO (FAENZA, 48018)</indirizzoazienda>
        <codateco>01.21.00</codateco>
      </azienda>
      <datainizio>2005-01-13</datainizio>
      <datafine>2005-12-30</datafine>
      <codprofessione>8.3.1.1.0.7</codprofessione>
      <compiti>bracciante agricolo</compiti>
      <tiporapporto>
        <tipocontratto>A.02.00</tipocontratto>
        <assunzioneLegge68>NO</assunzioneLegge68>
        <lavInMobilita>NO</lavInMobilita>
        <lavoroStagionale>NO</lavoroStagionale>
        <lavoroInAgricoltura>NO</lavoroInAgricoltura>
      </tiporapporto>
      <modalitalavoro>
        <codmodalitalavoro>FT</codmodalitalavoro>
      </modalitalavoro>
      <luogolavoro>
        <indirizzo>FAENZA BONCELLINO (FAENZA, 48018)</indirizzo>
        <codcomune>D458</codcomune>
      </luogolavoro>
    </esperienzalavoro>
    <esperienzalavoro>
      <azienda>
        <codicefiscale>LGHPLA65B67A944T</codicefiscale>
        <datorelavoro>LAGHI PAOLA</datorelavoro>
        <indirizzoazienda>AGRICOLTURA FAENZA BONCELLINO (FAENZA, 48018)</indirizzoazienda>
        <codateco>01.11.40</codateco>
      </azienda>
      <datainizio>2006-01-23</datainizio>
      <datafine>2006-12-30</datafine>
      <codprofessione>8.3.1.1.0.7</codprofessione>
      <compiti>bracciante agricolo</compiti>
      <tiporapporto>
        <tipocontratto>A.02.00</tipocontratto>
        <assunzioneLegge68>NO</assunzioneLegge68>
        <lavInMobilita>NO</lavInMobilita>
        <lavoroStagionale>NO</lavoroStagionale>
        <lavoroInAgricoltura>NO</lavoroInAgricoltura>
      </tiporapporto>
      <modalitalavoro>
        <codmodalitalavoro>FT</codmodalitalavoro>
      </modalitalavoro>
      <luogolavoro>
        <indirizzo>AGRICOLTURA FAENZA BONCELLINO (FAENZA, 48018)</indirizzo>
        <codcomune>D458</codcomune>
      </luogolavoro>
    </esperienzalavoro>
    <esperienzalavoro>
      <azienda>
        <codicefiscale>LGHPLA65B67A944T</codicefiscale>
        <datorelavoro>LAGHI PAOLA</datorelavoro>
        <indirizzoazienda>AGRICOLTURA FAENZA BONCELLINO (FAENZA, 48018)</indirizzoazienda>
        <codateco>01.11.40</codateco>
      </azienda>
      <datainizio>2007-12-22</datainizio>
      <datafine>2007-12-30</datafine>
      <codprofessione>8.3.1.1.0.7</codprofessione>
      <compiti>bracciante agricolo</compiti>
      <tiporapporto>
        <tipocontratto>A.02.00</tipocontratto>
        <assunzioneLegge68>NO</assunzioneLegge68>
        <lavInMobilita>NO</lavInMobilita>
        <lavoroStagionale>NO</lavoroStagionale>
        <lavoroInAgricoltura>NO</lavoroInAgricoltura>
      </tiporapporto>
      <modalitalavoro>
        <codmodalitalavoro>FT</codmodalitalavoro>
      </modalitalavoro>
      <luogolavoro>
        <indirizzo>AGRICOLTURA FAENZA BONCELLINO (FAENZA, 48018)</indirizzo>
        <codcomune>D458</codcomune>
      </luogolavoro>
    </esperienzalavoro>
    <esperienzalavoro>
      <azienda>
        <codicefiscale>LGHPLA65B67A944T</codicefiscale>
        <datorelavoro>LAGHI PAOLA</datorelavoro>
        <indirizzoazienda>AGRICOLTURA FAENZA BONCELLINO (FAENZA, 48018)</indirizzoazienda>
        <codateco>01.11.40</codateco>
      </azienda>
      <datainizio>2008-01-21</datainizio>
      <datafine>2008-12-22</datafine>
      <codprofessione>6.4.1.4.0.0</codprofessione>
      <compiti>Agricoltori e operai agricoli specializzati di colture miste</compiti>
      <tiporapporto>
        <tipocontratto>A.02.00</tipocontratto>
        <assunzioneLegge68>NO</assunzioneLegge68>
        <lavInMobilita>NO</lavInMobilita>
        <lavoroStagionale>NO</lavoroStagionale>
        <lavoroInAgricoltura>NO</lavoroInAgricoltura>
      </tiporapporto>
      <modalitalavoro>
        <codmodalitalavoro>FT</codmodalitalavoro>
      </modalitalavoro>
      <luogolavoro>
        <indirizzo>AGRICOLTURA FAENZA BONCELLINO (FAENZA, 48018)</indirizzo>
        <codcomune>D458</codcomune>
      </luogolavoro>
    </esperienzalavoro>
    <esperienzalavoro>
      <azienda>
        <codicefiscale>LGHPLA65B67A944T</codicefiscale>
        <datorelavoro>LAGHI PAOLA</datorelavoro>
        <indirizzoazienda>VIA CAVOUR 35/A (FAENZA, 48018)</indirizzoazienda>
        <codateco>47.78.31</codateco>
      </azienda>
      <datainizio>2009-01-26</datainizio>
      <datafine>2009-12-31</datafine>
      <codprofessione>8.3.1.1.0.0</codprofessione>
      <compiti>Braccianti agricoli</compiti>
      <tiporapporto>
        <tipocontratto>H.01.00</tipocontratto>
        <assunzioneLegge68>NO</assunzioneLegge68>
        <lavInMobilita>NO</lavInMobilita>
        <lavoroStagionale>NO</lavoroStagionale>
        <lavoroInAgricoltura>SI</lavoroInAgricoltura>
      </tiporapporto>
      <modalitalavoro>
        <codmodalitalavoro>FT</codmodalitalavoro>
      </modalitalavoro>
      <luogolavoro>
        <indirizzo>VIA CAVOUR 35/A (FAENZA, 48018)</indirizzo>
        <codcomune>D458</codcomune>
      </luogolavoro>
    </esperienzalavoro>
  </esperienzelavoro_lst>
  <livelliistruzione_lst>
    <codlivelloistruzione>20</codlivelloistruzione>
  </livelliistruzione_lst>
  <allegato>
    <titolistudio_lst>
      <titolostudio>
        <codlivelloistruzione>20</codlivelloistruzione>
        <corsostudio>20000000</corsostudio>
        <descrizionecorsostudio>LICENZA MEDIA</descrizionecorsostudio>
        <riconosciutoin>SI</riconosciutoin>
      </titolostudio>
    </titolistudio_lst>
  </allegato>
</lavoratore>
	]]]]>><![CDATA[
	 </typ:SAP>
      </typ:invioSAP>
   </soapenv:Body>
</soapenv:Envelope>]]></con:request><con:credentials><con:authType>No Authorization</con:authType></con:credentials><con:jmsConfig JMSDeliveryMode="PERSISTENT"/><con:jmsPropertyConfig/><con:wsaConfig mustUnderstand="NONE" version="200508" action="http://servizi.lavoro.gov.it/servizicoap/servizicoapWS/invioSAPRequest"/><con:wsrmConfig version="1.2"/></con:call><con:call name="Request _fulda" id="bbfaf36d-cdd0-4ec5-91da-10d0b99c77a0"><con:settings><con:setting id="com.eviware.soapui.impl.wsdl.WsdlRequest@request-headers">&lt;xml-fragment/></con:setting></con:settings><con:encoding>UTF-8</con:encoding><con:endpoint>https://-pddtest.regione.emilia-romagna.it/pdd/PD/ServiziSAP/invioSAP</con:endpoint><con:request><![CDATA[<soapenv:Envelope xmlns:soapenv="http://schemas.xmlsoap.org/soap/envelope/" xmlns:typ="http://servizi.lavoro.gov.it/servizicoap/types">
   <soapenv:Header/>
   <soapenv:Body>
      <typ:invioSAP>
         <typ:SAP><![CDATA[<?xml version="1.0" encoding="UTF-8" standalone="yes"?>
<lavoratore>
    <datiinvio>
        <dataultimoagg>2014-04-29</dataultimoagg>
 <identificativosap>AA00680094U</identificativosap>
        <codiceentetit>H199C000430</codiceentetit>
        <tipovariazione>02</tipovariazione>
        <datadinascita>1987-03-15</datadinascita>
    </datiinvio>
    <datianagrafici>
        <datipersonali>
            <codicefiscale>SLAGNN87C15D458O</codicefiscale>
            <cognome>SALA</cognome>
            <nome>GIOVANNI</nome>
            <sesso>M</sesso>
            <datanascita>1987-03-15</datanascita>
            <codcomune>D458</codcomune>
            <codcittadinanza>000</codcittadinanza>
        </datipersonali>
        <datistranieri/>
        <residenza>
            <codcomune>H199</codcomune>
            <cap>48122</cap>
            <indirizzo>VIALE ALFIERI, 7 LIDO ADRIANO</indirizzo>
        </residenza>
        <domicilio>
            <codcomune>H199</codcomune>
            <cap>48122</cap>
            <indirizzo>VIALE ALFIERI, 7 LIDO ADRIANO</indirizzo>
        </domicilio>
        <recapiti>
            <email>kyojjv9@dispostable.com</email>
        </recapiti>
    </datianagrafici>
    <datiamministrativi/>
    <esperienzelavoro_lst/>
    <livelliistruzione_lst/>
    <allegato/>
</lavoratore>
	]]]]>><![CDATA[
	 </typ:SAP>
      </typ:invioSAP>
   </soapenv:Body>
</soapenv:Envelope>]]></con:request><con:credentials><con:authType>No Authorization</con:authType></con:credentials><con:jmsConfig JMSDeliveryMode="PERSISTENT"/><con:jmsPropertyConfig/><con:wsaConfig mustUnderstand="NONE" version="200508" action="http://servizi.lavoro.gov.it/servizicoap/servizicoapWS/invioSAPRequest"/><con:wsrmConfig version="1.2"/></con:call><con:call name="Invio_sap_x_adesione_coop" id="a8e2e504-ab52-4132-9e35-42d87098572d"><con:settings><con:setting id="com.eviware.soapui.impl.wsdl.WsdlRequest@request-headers">&lt;xml-fragment/></con:setting></con:settings><con:encoding>UTF-8</con:encoding><con:endpoint>https://-pddtest.regione.emilia-romagna.it/pdd/PD/ServiziSAP/invioSAP</con:endpoint><con:request><![CDATA[<soapenv:Envelope xmlns:soapenv="http://schemas.xmlsoap.org/soap/envelope/" xmlns:typ="http://servizi.lavoro.gov.it/servizicoap/types">
   <soapenv:Header/>
   <soapenv:Body>
      <typ:invioSAP>
         <typ:SAP><![CDATA[<?xml version="1.0" encoding="utf-8"?>
<lavoratore>
  <datiinvio>
    <dataultimoagg>2014-11-20</dataultimoagg>
    <codiceentetit>G224C000126</codiceentetit>
    <tipovariazione>01</tipovariazione>
    <datadinascita>1997-03-01</datadinascita>
  </datiinvio>
  <datianagrafici>
    <datipersonali>
      <codicefiscale>BRLLCU97C01L781W</codicefiscale>
      <cognome>BARALDI</cognome>
      <nome>LUCA</nome>
      <sesso>M</sesso>
      <datanascita>1997-03-01</datanascita>
      <codcomune>L781</codcomune>
      <codcittadinanza>000</codcittadinanza>
    </datipersonali>
    <residenza>
      <codcomune>G224</codcomune>
      <cap>35100</cap>
      <indirizzo>Indirizzo non disponibile</indirizzo>
    </residenza>
    <domicilio>
      <codcomune>G224</codcomune>
      <cap>35100</cap>
      <indirizzo>Indirizzo non disponibile</indirizzo>
    </domicilio>
    <recapiti>
      <email>engbaraldiluca@dispostable.com</email>
    </recapiti>
  </datianagrafici>
  <datiamministrativi/>
  <esperienzelavoro_lst/> 
  <livelliistruzione_lst/>
  <allegato/>
  <politiche_attive/>
</lavoratore>
	]]]]>><![CDATA[
	 </typ:SAP>
      </typ:invioSAP>
   </soapenv:Body>
</soapenv:Envelope>]]></con:request><con:credentials><con:authType>No Authorization</con:authType></con:credentials><con:jmsConfig JMSDeliveryMode="PERSISTENT"/><con:jmsPropertyConfig/><con:wsaConfig mustUnderstand="NONE" version="200508" action="http://servizi.lavoro.gov.it/servizicoap/servizicoapWS/invioSAPRequest"/><con:wsrmConfig version="1.2"/></con:call><con:call id="f7a461c3-8eeb-4a5f-826e-934f869bfe91" name="Invio_mini_sap_localhost"><con:settings><con:setting id="com.eviware.soapui.impl.wsdl.WsdlRequest@request-headers">&lt;xml-fragment/></con:setting></con:settings><con:encoding>UTF-8</con:encoding><con:endpoint>http://localhost:8081/mockservizicoapWSSoapBinding/invioSAP</con:endpoint><con:request><![CDATA[<soapenv:Envelope xmlns:soapenv="http://schemas.xmlsoap.org/soap/envelope/" xmlns:ns2="http://servizi.lavoro.gov.it/servizicoap/types">
   <soapenv:Header/>
   <soapenv:Body>
      <ns2:invioSAP>
         <ns2:SAP><![CDATA[<?xml version="1.0" encoding="utf-8"?>
<lavoratore>
  <datiinvio>
    <dataultimoagg>2014-11-20</dataultimoagg>
    <identificativosap>ZZ63364193n</identificativosap>
    <codiceentetit>G224C000127</codiceentetit>
    <tipovariazione>02</tipovariazione>
    <datadinascita>1997-03-01</datadinascita>
  </datiinvio>
  <datianagrafici>
    <datipersonali>
      <codicefiscale>BRLLCU97C01L781W</codicefiscale>
      <cognome>BARALDI</cognome>
      <nome>LUCA</nome>
      <sesso>M</sesso>
      <datanascita>1997-03-01</datanascita>
      <codcomune>L781</codcomune>
      <codcittadinanza>000</codcittadinanza>
    </datipersonali>
    <residenza>
      <codcomune>G224</codcomune>
      <cap>35100</cap>
      <indirizzo>Indirizzo non disponibile</indirizzo>
    </residenza>
    <domicilio>
      <codcomune>G224</codcomune>
      <cap>35100</cap>
      <indirizzo>Indirizzo non disponibile</indirizzo>
    </domicilio>
    <recapiti>
      <email>engbaraldiluca@dispostable.com</email>
    </recapiti>
  </datianagrafici>
  <datiamministrativi/>
  <esperienzelavoro_lst/> 
  <livelliistruzione_lst/>
  <allegato/>
</lavoratore>
	]]]]>><![CDATA[
	 </ns2:SAP>
      </ns2:invioSAP>
   </soapenv:Body>
</soapenv:Envelope>]]></con:request><con:credentials><con:authType>No Authorization</con:authType></con:credentials><con:jmsConfig JMSDeliveryMode="PERSISTENT"/><con:jmsPropertyConfig/><con:wsaConfig mustUnderstand="NONE" version="200508" action="http://servizi.lavoro.gov.it/servizicoap/servizicoapWS/invioSAPRequest"/><con:wsrmConfig version="1.2"/></con:call><con:call id="c6d6603e-464f-435a-8273-c21fb59df81d" name="Invio_mini_sap_SIL2"><con:settings><con:setting id="com.eviware.soapui.impl.wsdl.WsdlRequest@request-headers">&lt;xml-fragment/></con:setting></con:settings><con:encoding>UTF-8</con:encoding><con:endpoint>http://sil2:18080/mockservizicoapWSSoapBinding/invioSAP</con:endpoint><con:request><![CDATA[<soapenv:Envelope xmlns:soapenv="http://schemas.xmlsoap.org/soap/envelope/" xmlns:ns2="http://servizi.lavoro.gov.it/servizicoap/types">
   <soapenv:Header/>
   <soapenv:Body>
      <ns2:invioSAP>
         <ns2:SAP><![CDATA[<?xml version="1.0" encoding="utf-8"?>
<lavoratore>
  <datiinvio>
    <dataultimoagg>2014-11-20</dataultimoagg>
    <identificativosap>ZZ73405909Z</identificativosap>
    <codiceentetit>G224C000126</codiceentetit>
    <tipovariazione>02</tipovariazione>
    <datadinascita>1997-03-01</datadinascita>
  </datiinvio>
  <datianagrafici>
    <datipersonali>
      <codicefiscale>BRLLCU97C01L781W</codicefiscale>
      <cognome>BARALDI</cognome>
      <nome>LUCA</nome>
      <sesso>M</sesso>
      <datanascita>1997-03-01</datanascita>
      <codcomune>L781</codcomune>
      <codcittadinanza>000</codcittadinanza>
    </datipersonali>
    <residenza>
      <codcomune>G224</codcomune>
      <cap>35100</cap>
      <indirizzo>Indirizzo non disponibile</indirizzo>
    </residenza>
    <domicilio>
      <codcomune>G224</codcomune>
      <cap>35100</cap>
      <indirizzo>Indirizzo non disponibile</indirizzo>
    </domicilio>
    <recapiti>
      <email>engbaraldiluca@dispostable.com</email>
    </recapiti>
  </datianagrafici>
  <datiamministrativi/>
  <esperienzelavoro_lst/> 
  <livelliistruzione_lst/>
  <allegato/>
</lavoratore>]]]]>><![CDATA[
	 </ns2:SAP>
      </ns2:invioSAP>
   </soapenv:Body>
</soapenv:Envelope>]]></con:request><con:credentials><con:authType>No Authorization</con:authType></con:credentials><con:jmsConfig JMSDeliveryMode="PERSISTENT"/><con:jmsPropertyConfig/><con:wsaConfig mustUnderstand="NONE" version="200508" action="http://servizi.lavoro.gov.it/servizicoap/servizicoapWS/invioSAPRequest"/><con:wsrmConfig version="1.2"/></con:call></con:operation><con:operation isOneWay="false" action="" name="notificaSAP" bindingOperationName="notificaSAP" type="Request-Response" inputName="" receivesAttachments="false" sendsAttachments="false" anonymous="optional" id="0ca02496-3ba5-4ce0-b18f-cd7aa2928b89"><con:settings/><con:call name="Request 1" id="d6047723-1acc-4006-abbf-3c4ff1f0c490"><con:settings/><con:encoding>UTF-8</con:encoding><con:endpoint>https://-plutone.bo.eng.it/WsStub/servizicoapWSService?wsdl</con:endpoint><con:request><![CDATA[<soapenv:Envelope xmlns:soapenv="http://schemas.xmlsoap.org/soap/envelope/" xmlns:typ="http://servizi.lavoro.gov.it/servizicoap/types">
   <soapenv:Header/>
   <soapenv:Body>
      <typ:notificaSAP>
         <typ:CodiceSAP>?</typ:CodiceSAP>
         <typ:MotivoNotifica>?</typ:MotivoNotifica>
      </typ:notificaSAP>
   </soapenv:Body>
</soapenv:Envelope>]]></con:request><con:credentials><con:authType>No Authorization</con:authType></con:credentials><con:jmsConfig JMSDeliveryMode="PERSISTENT"/><con:jmsPropertyConfig/><con:wsaConfig mustUnderstand="NONE" version="200508" action="http://servizi.lavoro.gov.it/servizicoap/servizicoapWS/notificaSAPRequest"/><con:wsrmConfig version="1.2"/></con:call></con:operation><con:operation isOneWay="false" action="" name="recuperaListaSAPNonAttive" bindingOperationName="recuperaListaSAPNonAttive" type="Request-Response" inputName="" receivesAttachments="false" sendsAttachments="false" anonymous="optional" id="a9881454-2b0a-402a-88bd-d0d399d14ba4"><con:settings/><con:call name="Request 1" id="6e3dcb46-2e1a-4994-b0f3-b713825b9682"><con:settings/><con:encoding>UTF-8</con:encoding><con:endpoint>https://-plutone.bo.eng.it/WsStub/servizicoapWSService?wsdl</con:endpoint><con:request><![CDATA[<soapenv:Envelope xmlns:soapenv="http://schemas.xmlsoap.org/soap/envelope/" xmlns:typ="http://servizi.lavoro.gov.it/servizicoap/types">
   <soapenv:Header/>
   <soapenv:Body>
      <typ:recuperaListaSAPNonAttive>
         <typ:Parametri>?</typ:Parametri>
      </typ:recuperaListaSAPNonAttive>
   </soapenv:Body>
</soapenv:Envelope>]]></con:request><con:credentials><con:authType>No Authorization</con:authType></con:credentials><con:jmsConfig JMSDeliveryMode="PERSISTENT"/><con:jmsPropertyConfig/><con:wsaConfig mustUnderstand="NONE" version="200508" action="http://servizi.lavoro.gov.it/servizicoap/servizicoapWS/recuperaListaSAPNonAttiveRequest"/><con:wsrmConfig version="1.2"/></con:call></con:operation><con:operation isOneWay="false" action="" name="richiestaSAP" bindingOperationName="richiestaSAP" type="Request-Response" inputName="" receivesAttachments="false" sendsAttachments="false" anonymous="optional" id="80e6d72e-3af9-4b94-9645-a9a813c208c4"><con:settings/><con:call name="Request_local" id="29ac0f6f-79f1-4615-8628-cce023b66ab4"><con:settings><con:setting id="com.eviware.soapui.impl.wsdl.WsdlRequest@request-headers">&lt;xml-fragment/></con:setting></con:settings><con:encoding>UTF-8</con:encoding><con:endpoint>http://localhost:8081/mockservizicoapWSSoapBinding/richiestaSAP</con:endpoint><con:request><![CDATA[<soapenv:Envelope xmlns:soapenv="http://schemas.xmlsoap.org/soap/envelope/" xmlns:ns2="http://servizi.lavoro.gov.it/servizicoap/types">
   <soapenv:Header/>
   <soapenv:Body>
      <ns2:richiestaSAP>
         <ns2:CodiceSAP><![CDATA[<?xml version="1.0" encoding="utf-8"?>
<IDSAP xmlns:xsi="http://www.w3.org/2001/XMLSchema-instance">
  <IdentificativoSap>ZZ63364193n</IdentificativoSap>
</IDSAP>
]]]]>><![CDATA[
	 </ns2:CodiceSAP>
      </ns2:richiestaSAP>
   </soapenv:Body>
</soapenv:Envelope>]]></con:request><con:credentials><con:authType>No Authorization</con:authType></con:credentials><con:jmsConfig JMSDeliveryMode="PERSISTENT"/><con:jmsPropertyConfig/><con:wsaConfig mustUnderstand="NONE" version="200508" action="http://servizi.lavoro.gov.it/servizicoap/servizicoapWS/richiestaSAPRequest"/><con:wsrmConfig version="1.2"/></con:call><con:call id="0df2a6a6-b2e1-413c-bace-18803e21b9fc" name="Request_SIL2"><con:settings><con:setting id="com.eviware.soapui.impl.wsdl.WsdlRequest@request-headers">&lt;xml-fragment/></con:setting></con:settings><con:encoding>UTF-8</con:encoding><con:endpoint>http://sil2.westeurope.cloudapp.azure.com:18080/mockservizicoapWSSoapBinding</con:endpoint><con:request><![CDATA[<soapenv:Envelope xmlns:soapenv="http://schemas.xmlsoap.org/soap/envelope/" xmlns:ns2="http://servizi.lavoro.gov.it/servizicoap/types">
   <soapenv:Header/>
   <soapenv:Body>
      <ns2:richiestaSAP>
         <ns2:CodiceSAP><![CDATA[<?xml version="1.0" encoding="utf-8"?>
<IDSAP xmlns:xsi="http://www.w3.org/2001/XMLSchema-instance">
  <IdentificativoSap>ZZ23338500Z</IdentificativoSap>
</IDSAP>
]]]]>><![CDATA[
	 </ns2:CodiceSAP>
      </ns2:richiestaSAP>
   </soapenv:Body>
</soapenv:Envelope>]]></con:request><con:credentials><con:authType>No Authorization</con:authType></con:credentials><con:jmsConfig JMSDeliveryMode="PERSISTENT"/><con:jmsPropertyConfig/><con:wsaConfig mustUnderstand="NONE" version="200508" action="http://servizi.lavoro.gov.it/servizicoap/servizicoapWS/richiestaSAPRequest"/><con:wsrmConfig version="1.2"/></con:call></con:operation><con:operation isOneWay="false" action="" name="verificaEsistenzaSAP" bindingOperationName="verificaEsistenzaSAP" type="Request-Response" inputName="" receivesAttachments="false" sendsAttachments="false" anonymous="optional" id="1da43be2-d535-4a4f-80a7-04fcdb24abc4"><con:settings/><con:call name="Request_local" id="df995603-735f-4496-bedb-43694f0d9c49" outgoingWss="outgoing_sap"><con:settings><con:setting id="com.eviware.soapui.impl.wsdl.WsdlRequest@request-headers">&lt;xml-fragment/></con:setting></con:settings><con:encoding>UTF-8</con:encoding><con:endpoint>http://localhost:8081/mockservizicoapWSSoapBinding/verificaEsistenzaSAP</con:endpoint><con:request><![CDATA[<soapenv:Envelope xmlns:soapenv="http://schemas.xmlsoap.org/soap/envelope/" xmlns:ns2="http://servizi.lavoro.gov.it/servizicoap/types">
   <soapenv:Header/>
   <soapenv:Body>
      <ns2:verificaEsistenzaSAP>
         <ns2:CodiceFiscale>
<![CDATA[<?xml version="1.0" encoding="utf-8"?><VerificaSAP>
  		<codiceFiscale>BRLLCU97C01L781W</codiceFiscale>
	</VerificaSAP>
]]]]>><![CDATA[
	 </ns2:CodiceFiscale>
      </ns2:verificaEsistenzaSAP>
   </soapenv:Body>
</soapenv:Envelope>]]></con:request><con:credentials><con:selectedAuthProfile>No Authorization</con:selectedAuthProfile><con:addedBasicAuthenticationTypes>Basic</con:addedBasicAuthenticationTypes><con:authType>No Authorization</con:authType></con:credentials><con:jmsConfig JMSDeliveryMode="PERSISTENT"/><con:jmsPropertyConfig/><con:wsaConfig mustUnderstand="NONE" version="200508" action=""/><con:wsrmConfig version="1.2"/></con:call><con:call id="4b06ac86-2a13-4bb2-88e9-4ec7b47e74c8" name="Request_SIL2"><con:settings><con:setting id="com.eviware.soapui.impl.wsdl.WsdlRequest@request-headers">&lt;xml-fragment/></con:setting></con:settings><con:encoding>UTF-8</con:encoding><con:endpoint>http://sil2:18080/mockservizicoapWSSoapBinding/verificaEsistenzaSAP</con:endpoint><con:request><![CDATA[<soapenv:Envelope xmlns:soapenv="http://schemas.xmlsoap.org/soap/envelope/" xmlns:ns2="http://servizi.lavoro.gov.it/servizicoap/types">
   <soapenv:Header/>
   <soapenv:Body>
      <ns2:verificaEsistenzaSAP>
         <ns2:CodiceFiscale>
<![CDATA[<?xml version="1.0" encoding="utf-8"?><VerificaSAP>
  		<codiceFiscale>VRDGPP00R15H501X</codiceFiscale>
	</VerificaSAP>
]]]]>><![CDATA[
	 </ns2:CodiceFiscale>
      </ns2:verificaEsistenzaSAP>
   </soapenv:Body>
</soapenv:Envelope>]]></con:request><con:credentials><con:selectedAuthProfile>No Authorization</con:selectedAuthProfile><con:addedBasicAuthenticationTypes>Basic</con:addedBasicAuthenticationTypes><con:authType>No Authorization</con:authType></con:credentials><con:jmsConfig JMSDeliveryMode="PERSISTENT"/><con:jmsPropertyConfig/><con:wsaConfig mustUnderstand="NONE" version="200508" action="http://servizi.lavoro.gov.it/servizicoap/servizicoapWS/verificaEsistenzaSAPRequest"/><con:wsrmConfig version="1.2"/></con:call><con:call id="e01eacbb-c131-49f1-9a6a-b35b23a76aca" name="RequestFromSil"><con:settings><con:setting id="com.eviware.soapui.impl.wsdl.WsdlRequest@request-headers">&lt;xml-fragment/></con:setting></con:settings><con:encoding>UTF-8</con:encoding><con:endpoint>http://localhost:8081/mockservizicoapWSSoapBinding/richiestaSAP</con:endpoint><con:request><![CDATA[<?xml version="1.0" encoding="UTF-8"?><soapenv:Envelope xmlns:soapenv="http://schemas.xmlsoap.org/soap/envelope/" xmlns:xsd="http://www.w3.org/2001/XMLSchema" xmlns:xsi="http://www.w3.org/2001/XMLSchema-instance">
 <soapenv:Body>
  <verificaEsistenzaSAP xmlns="http://servizi.lavoro.gov.it/servizicoap/types">
   <CodiceFiscale>&lt;?xml version=&quot;1.0&quot; encoding=&quot;UTF-8&quot; standalone=&quot;yes&quot;?&gt;&lt;VerificaSAP&gt;&lt;codiceFiscale&gt;RSSMRA92A01F354E&lt;/codiceFiscale&gt;&lt;/VerificaSAP&gt;</CodiceFiscale>
  </verificaEsistenzaSAP>
 </soapenv:Body>
</soapenv:Envelope>]]></con:request><con:credentials><con:authType>No Authorization</con:authType></con:credentials><con:jmsConfig JMSDeliveryMode="PERSISTENT"/><con:jmsPropertyConfig/><con:wsaConfig mustUnderstand="NONE" version="200508" action="http://servizi.lavoro.gov.it/servizicoap/servizicoapWS/verificaEsistenzaSAPRequest"/><con:wsrmConfig version="1.2"/></con:call></con:operation><con:operation id="67e238fc-ba49-42d3-9963-14fe86fdd623" isOneWay="false" action="" name="richiestaCodSAPRegTitolare" bindingOperationName="richiestaCodSAPRegTitolare" type="Request-Response" inputName="" receivesAttachments="false" sendsAttachments="false" anonymous="optional"><con:settings/><con:call id="4fdefd08-bfbe-4f26-a420-373ef640e035" name="Request_esempio_non_usato"><con:settings/><con:encoding>UTF-8</con:encoding><con:endpoint>http://localhost:8080/mockservizicoapWSSoapBinding/richiestaSAP</con:endpoint><con:request><![CDATA[<soapenv:Envelope xmlns:soapenv="http://schemas.xmlsoap.org/soap/envelope/" xmlns:typ="http://servizi.lavoro.gov.it/servizicoap/types">\r
   <soapenv:Header/>\r
   <soapenv:Body>\r
      <typ:richiestaCodSAPRegTitolare>\r
         <typ:CodiceFiscale>?</typ:CodiceFiscale>\r
      </typ:richiestaCodSAPRegTitolare>\r
   </soapenv:Body>\r
</soapenv:Envelope>]]></con:request><con:credentials><con:authType>No Authorization</con:authType></con:credentials><con:jmsConfig JMSDeliveryMode="PERSISTENT"/><con:jmsPropertyConfig/><con:wsaConfig mustUnderstand="NONE" version="200508" action="http://servizi.lavoro.gov.it/servizicoap/servizicoapWS/richiestaCodSAPRegTitolareRequest"/><con:wsrmConfig version="1.2"/></con:call></con:operation><con:operation id="adfdea69-9b53-4888-9709-20e4de63f327" isOneWay="false" action="" name="richiestaSAP_N00_A02" bindingOperationName="richiestaSAP_N00_A02" type="Request-Response" inputName="" receivesAttachments="false" sendsAttachments="false" anonymous="optional"><con:settings/><con:call id="02aeeae5-585c-43dd-a672-02791fe38372" name="Request_localhost"><con:settings><con:setting id="com.eviware.soapui.impl.wsdl.WsdlRequest@request-headers">&lt;xml-fragment/></con:setting></con:settings><con:encoding>UTF-8</con:encoding><con:endpoint>http://localhost:8081/mockservizicoapWSSoapBinding/richiestaSAP</con:endpoint><con:request><![CDATA[<soapenv:Envelope xmlns:soapenv="http://schemas.xmlsoap.org/soap/envelope/" xmlns:ns2="http://servizi.lavoro.gov.it/servizicoap/types">\r
   <soapenv:Header/>\r
   <soapenv:Body>\r
      <ns2:richiestaSAP_N00_A02>\r
         <ns2:CodiceFiscale><![CDATA[<?xml version="1.0" encoding="utf-8"?><VerificaSAP>
  		<codiceFiscale>GRGGNN98L01H199A</codiceFiscale>
	</VerificaSAP>
]]]]>><![CDATA[</ns2:CodiceFiscale>\r
      </ns2:richiestaSAP_N00_A02>\r
   </soapenv:Body>\r
</soapenv:Envelope>]]></con:request><con:credentials><con:authType>No Authorization</con:authType></con:credentials><con:jmsConfig JMSDeliveryMode="PERSISTENT"/><con:jmsPropertyConfig/><con:wsaConfig mustUnderstand="NONE" version="200508" action="http://servizi.lavoro.gov.it/servizicoap/servizicoapWS/richiestaSAP_N00_A02Request"/><con:wsrmConfig version="1.2"/></con:call><con:call id="1ee1b9dc-96d3-4b66-ac68-db4185256f3a" name="Request_SIL2"><con:settings><con:setting id="com.eviware.soapui.impl.wsdl.WsdlRequest@request-headers">&lt;xml-fragment/></con:setting></con:settings><con:encoding>UTF-8</con:encoding><con:endpoint>http://sil2:18080/mockservizicoapWSSoapBinding/richiestaSAP</con:endpoint><con:request><![CDATA[<soapenv:Envelope xmlns:soapenv="http://schemas.xmlsoap.org/soap/envelope/" xmlns:ns2="http://servizi.lavoro.gov.it/servizicoap/types">\r
   <soapenv:Header/>\r
   <soapenv:Body>\r
      <ns2:richiestaSAP_N00_A02>\r
         <ns2:CodiceFiscale><![CDATA[<?xml version="1.0" encoding="utf-8"?><VerificaSAP>
  		<codiceFiscale>VRDGPP00R15H501X</codiceFiscale>
	</VerificaSAP>
]]]]>><![CDATA[</ns2:CodiceFiscale>\r
      </ns2:richiestaSAP_N00_A02>\r
   </soapenv:Body>\r
</soapenv:Envelope>]]></con:request><con:credentials><con:authType>No Authorization</con:authType></con:credentials><con:jmsConfig JMSDeliveryMode="PERSISTENT"/><con:jmsPropertyConfig/><con:wsaConfig mustUnderstand="NONE" version="200508" action="http://servizi.lavoro.gov.it/servizicoap/servizicoapWS/richiestaSAP_N00_A02Request"/><con:wsrmConfig version="1.2"/></con:call><con:call id="8844f4dd-5a52-473a-a6eb-12e2b90d8d6a" name="Request_localhost_2"><con:settings><con:setting id="com.eviware.soapui.impl.wsdl.WsdlRequest@request-headers">&lt;xml-fragment/></con:setting></con:settings><con:encoding>UTF-8</con:encoding><con:endpoint>http://localhost:8081/mockservizicoapWSSoapBinding/richiestaSAP</con:endpoint><con:request><![CDATA[<soapenv:Envelope xmlns:soapenv="http://schemas.xmlsoap.org/soap/envelope/" xmlns:ns2="http://servizi.lavoro.gov.it/servizicoap/types">
   <soapenv:Header/>
   <soapenv:Body>
      <ns2:richiestaSAP_N00_A02>
         <ns2:CodiceFiscale>GRGGNN98L01H199A</ns2:CodiceFiscale>
      </ns2:richiestaSAP_N00_A02>
   </soapenv:Body>
</soapenv:Envelope>]]></con:request><con:credentials><con:authType>No Authorization</con:authType></con:credentials><con:jmsConfig JMSDeliveryMode="PERSISTENT"/><con:jmsPropertyConfig/><con:wsaConfig mustUnderstand="NONE" version="200508" action="http://servizi.lavoro.gov.it/servizicoap/servizicoapWS/richiestaSAP_N00_A02Request"/><con:wsrmConfig version="1.2"/></con:call><con:call id="21dcbecf-dcff-458e-94e6-fb75bcbe6fd9" name="Request_SIL2_2"><con:settings><con:setting id="com.eviware.soapui.impl.wsdl.WsdlRequest@request-headers">&lt;xml-fragment/></con:setting></con:settings><con:encoding>UTF-8</con:encoding><con:endpoint>http://sil2:18080/mockservizicoapWSSoapBinding/richiestaSAP</con:endpoint><con:request><![CDATA[<soapenv:Envelope xmlns:soapenv="http://schemas.xmlsoap.org/soap/envelope/" xmlns:ns2="http://servizi.lavoro.gov.it/servizicoap/types">
   <soapenv:Header/>
   <soapenv:Body>
      <ns2:richiestaSAP_N00_A02>
         <ns2:CodiceFiscale>VRDGPP00R15H501X</ns2:CodiceFiscale>
      </ns2:richiestaSAP_N00_A02>
   </soapenv:Body>
</soapenv:Envelope>]]></con:request><con:credentials><con:authType>No Authorization</con:authType></con:credentials><con:jmsConfig JMSDeliveryMode="PERSISTENT"/><con:jmsPropertyConfig/><con:wsaConfig mustUnderstand="NONE" version="200508" action="http://servizi.lavoro.gov.it/servizicoap/servizicoapWS/richiestaSAP_N00_A02Request"/><con:wsrmConfig version="1.2"/></con:call></con:operation></con:interface><con:mockService id="d607f304-621e-4df6-bf58-836374e3918d" port="8081" path="/mockservizicoapWSSoapBinding" host="localhost" name="servizicoapWSSoapBinding MockService" bindToHostOnly="false" docroot=""><con:settings><con:setting id="com.eviware.soapui.impl.wsdl.mock.WsdlMockService@require-soap-action">false</con:setting><con:setting id="com.eviware.soapui.impl.wsdl.mock.WsdlMockService@require-soap-version">false</con:setting><con:setting id="com.eviware.soapui.impl.wsdl.panels.mock.WsdlMockServiceDesktopPanel$LogListModel@maxSize">100</con:setting></con:settings><con:startScript/><con:stopScript/><con:properties/><con:onRequestScript>import groovy.sql.Sql

def dbtype = context.expand('${#Project#dbtype}')
def sqlconnection = null

if (dbtype == 'oracle') {
	// connetto il DB oracle
	log.info "Connessione al database oracle in corso..."
	com.eviware.soapui.support.GroovyUtils.registerJdbcDriver("oracle.jdbc.driver.OracleDriver")
	sqlconnection = Sql.newInstance(
		"jdbc:oracle:thin:@"+context.expand('${#Project#dbhost}')+":"+context.expand('${#Project#dbport}')+":"+context.expand('${#Project#dbname}'), 
		context.expand('${#Project#dbusername}'),
		context.expand('${#Project#dbpassword}'), 
		"oracle.jdbc.driver.OracleDriver"
		)
} else if (dbtype == 'postgres') {
	// connetto il DB postgres
	log.info "Connessione al database postgres in corso..."
	com.eviware.soapui.support.GroovyUtils.registerJdbcDriver("org.postgresql.Driver")
	sqlconnection = Sql.newInstance(
		"jdbc:postgresql://"+context.expand('${#Project#dbhost}')+":"+context.expand('${#Project#dbport}')+"/"+context.expand('${#Project#dbname}'), 
		context.expand('${#Project#dbusername}'),
		context.expand('${#Project#dbpassword}'), 
		"org.postgresql.Driver"
		)
} else {
	log.info "Definire la proprietà 'dbtype'. Valori possibili: oracle o postgres";
	return;
}
log.info "Connesso al database " + dbtype
context.dbConnection = sqlconnection
</con:onRequestScript><con:afterRequestScript>import groovy.sql.Sql

// disconnetto il DB
if( context.dbConnection != null ) {
	log.info "Chiusura connessione al database"
	context.dbConnection.close()
}</con:afterRequestScript><con:mockOperation name="richiestaSAP" id="5a8cf74d-bec5-4117-b7c8-e5cebc3350aa" interface="servizicoapWSSoapBinding" operation="richiestaSAP"><con:settings/><con:defaultResponse>Resp_from_DB</con:defaultResponse><con:dispatchStyle>SCRIPT</con:dispatchStyle><con:dispatchPath>import groovy.sql.Sql
def holder = new com.eviware.soapui.support.XmlHolder( mockRequest.requestContent )

log.info "entro in richiestaSAP"

def r = Math.random()
if( r &lt; 0.34 )
   {
   // in 1/3 dei casi restituivo X001
   log.info "esco da richiestaSAP"
   return "Resp_err_X001"
   }
else
{
   // altrimenti elaboto la richiesta	
   // prelevo l'identificativo SAP dalla richiesta
   def identificativosapcontainer = holder["//*:CodiceSAP"].toString()
   def indexofstart = identificativosapcontainer.indexOf("&lt;IdentificativoSap>", 1)
   def indexofend = identificativosapcontainer.indexOf("&lt;/IdentificativoSap>", 1)
   def identificativosap = identificativosapcontainer.substring(indexofstart+19,indexofend)
   log.info "identificativosap:" + identificativosap

//   if (identificativosap == "ZZ1234564Z")
//   {
//     return "Resp_err_X001"
//   }

   if (!context.dbConnection) {
      log.info "Connessione non disponibile. Verificare la connessione nello script di avvio."
      return;
   }
   
   // eseguo la query sulla tabella test_soapui.sap con colonne [identificativosap,risposta]
   def row = context.dbConnection.firstRow("select risposta from sap where identificativosap = ?", [identificativosap])
   if( row != null )
   {
	// La query restituisce risultati
	context.session = row.risposta
     log.info "esco da richiestaSAP"
     return "Resp_from_DB"
   }
   else 
   {
	// La query non restituisce risultati
     log.info "esco da richiestaSAP"
	return "Resp_SAP_not_found"
   }

}
</con:dispatchPath><con:response name="Resp_SAP_esempio_non_usato" id="7d6b9046-ed4f-47f4-8caf-22d1922e02fe" httpResponseStatus="200" encoding="UTF-8"><con:settings/><con:responseContent><![CDATA[<soapenv:Envelope xmlns:soapenv="http://schemas.xmlsoap.org/soap/envelope/" xmlns:typ="http://servizi.lavoro.gov.it/servizicoap/types">
   <soapenv:Header/>
   <soapenv:Body>
      <typ:risposta_richiestaSAP>
        <typ:SAP><![CDATA[<?xml version="1.0" encoding="utf-8"?>
        <lavoratore>
  <datiinvio>
    <dataultimoagg>2018-12-14</dataultimoagg>
	<identificativosap>AA28868621H</identificativosap>
    <codiceentetit>H501C000523</codiceentetit>
    <tipovariazione>02</tipovariazione>
    <datadinascita>2003-01-01</datadinascita>
  </datiinvio>
  <datianagrafici>
    <datipersonali>
      <codicefiscale>DLLSMN03A01H501E</codicefiscale>
      <cognome>DELL&apos;ORTO</cognome>
      <nome>SIMONE</nome>
      <sesso>M</sesso>
      <datanascita>2003-01-01</datanascita>
      <codcomune>H501</codcomune>
      <codcittadinanza>000</codcittadinanza>
    </datipersonali>
    <residenza>
      <codcomune>H501</codcomune>
      <cap>41100</cap>
      <indirizzo>via Marconi, 46</indirizzo>
    </residenza>
    <domicilio>
      <codcomune>H501</codcomune>
      <cap>41100</cap>
      <indirizzo>via Marconi, 46</indirizzo>
    </domicilio>
    <recapiti>
      <telefono>0000000000</telefono>
    </recapiti>
  </datianagrafici>
  <datiamministrativi>
    <statoinanagrafe>
      <codstatooccupazionale>IN</codstatooccupazionale>
      <anzianita>7</anzianita>
      <disponibilita>2018-05-07</disponibilita>
    </statoinanagrafe>
    <periodidisoccupazione>
      <dataingresso>2018-05-07</dataingresso>
      <tipoingresso>D</tipoingresso>
    </periodidisoccupazione>
  </datiamministrativi>
  <allegato/>
  <politiche_attive_lst>
		<politiche_attive>
			<tipo_attivita>C07</tipo_attivita>
			<titolo_denominazione>FORMAZIONE NON GENERALISTA MIRATA ALL&apos;INSERIMENTO LAVORATIVO</titolo_denominazione>
			<data_proposta>2018-02-16</data_proposta>
			<data>2018-03-01</data>
			<data_fine>2018-06-30</data_fine>
			<durata>2</durata>
			<tipologia_durata>G</tipologia_durata>
			<descrizione>Progetto di politica attiva regionale/provinciale (Parma)</descrizione>
			<titolo_progetto>01</titolo_progetto>
			<codice_ente_promotore>G337C000409</codice_ente_promotore>
			<identificativo_politica>0620080048E</identificativo_politica>
			<indice_profiling>0.79</indice_profiling>
			<ultimo_evento>
				<evento>10</evento>
				<data_evento>2018-06-30</data_evento>
			</ultimo_evento>
		</politiche_attive>
		<politiche_attive>
			<tipo_attivita>C05</tipo_attivita>
			<titolo_denominazione>FORMAZIONE PER ACQUISIZIONE QUALIFICA</titolo_denominazione>
			<data_proposta>2018-06-01</data_proposta>
			<data>2018-06-01</data>
			<data_fine>2018-09-30</data_fine>
			<durata>4</durata>
			<tipologia_durata>M</tipologia_durata>
			<descrizione>AGENZIA DEI CUOCHI S.R.L. (Ente Bologna)</descrizione>
			<titolo_progetto>02</titolo_progetto>
			<codice_ente_promotore>A944S003140</codice_ente_promotore>
		</politiche_attive>
		<politiche_attive>
			<tipo_attivita>C05</tipo_attivita>
			<titolo_denominazione>FORMAZIONE PER ACQUISIZIONE QUALIFICA</titolo_denominazione>
			<data_proposta>2018-06-01</data_proposta>
			<data>2018-06-01</data>
			<data_fine>2018-09-30</data_fine>
			<durata>4</durata>
			<tipologia_durata>M</tipologia_durata>
			<descrizione>CIFAP (Centro Inter.le Formazione Addestramento Professionale) (Ente RC)</descrizione>
			<titolo_progetto>02</titolo_progetto>
			<codice_ente_promotore>H224S015591</codice_ente_promotore>
		</politiche_attive>
		<politiche_attive>
			<tipo_attivita>A02</tipo_attivita>
			<titolo_denominazione>STEFY</titolo_denominazione>
			<data_proposta>2010-06-01</data_proposta>
			<data>2010-06-01</data>
			<data_fine>2010-09-30</data_fine>
			<durata>4</durata>
			<tipologia_durata>M</tipologia_durata>
			<descrizione>STEFY NON ESISTE</descrizione>
			<titolo_progetto>02</titolo_progetto>
			<codice_ente_promotore>00000000000</codice_ente_promotore>
		</politiche_attive>
	</politiche_attive_lst>
</lavoratore>
        ]]]]>><![CDATA[
        </typ:SAP> 
      </typ:risposta_richiestaSAP>
   </soapenv:Body>
</soapenv:Envelope>]]></con:responseContent><con:wsaConfig mustUnderstand="NONE" version="200508" action="http://servizi.lavoro.gov.it/servizicoap/servizicoapWS/richiestaSAPResponse"/></con:response><con:response name="Resp_err_X001" id="7d6b9046-ed4f-47f4-8caf-22d1922e02fe" httpResponseStatus="200" encoding="UTF-8"><con:settings/><con:responseContent><![CDATA[<soapenv:Envelope xmlns:soapenv="http://schemas.xmlsoap.org/soap/envelope/" xmlns:typ="http://servizi.lavoro.gov.it/servizicoap/types">
   <soapenv:Header/>
   <soapenv:Body>
      <typ:risposta_richiestaSAP>
        <typ:SAP>X001 - Limite invocazioni raggiunto</typ:SAP> 
      </typ:risposta_richiestaSAP>
   </soapenv:Body>
</soapenv:Envelope>]]></con:responseContent><con:wsaConfig mustUnderstand="NONE" version="200508" action="http://servizi.lavoro.gov.it/servizicoap/servizicoapWS/richiestaSAPResponse"/></con:response><con:response name="Resp_SAP_not_found" id="7d6b9046-ed4f-47f4-8caf-22d1922e02fe" httpResponseStatus="200" encoding="UTF-8"><con:settings/><con:responseContent><![CDATA[<soapenv:Envelope xmlns:soapenv="http://schemas.xmlsoap.org/soap/envelope/" xmlns:typ="http://servizi.lavoro.gov.it/servizicoap/types">
   <soapenv:Header/>
   <soapenv:Body>
      <typ:risposta_richiestaSAP>
        <typ:SAP/> 
      </typ:risposta_richiestaSAP>
   </soapenv:Body>
</soapenv:Envelope>]]></con:responseContent><con:wsaConfig mustUnderstand="NONE" version="200508" action="http://servizi.lavoro.gov.it/servizicoap/servizicoapWS/richiestaSAPResponse"/></con:response><con:response name="Resp_from_DB" id="5c7717d9-41a9-4564-8c71-6ce98b0a93ca" httpResponseStatus="200" encoding="UTF-8"><con:settings/><con:responseContent><![CDATA[<soapenv:Envelope xmlns:soapenv="http://schemas.xmlsoap.org/soap/envelope/" xmlns:typ="http://servizi.lavoro.gov.it/servizicoap/types">
   <soapenv:Header/>
   <soapenv:Body>
      <typ:risposta_richiestaSAP>
         <typ:SAP>${session}</typ:SAP>
      </typ:risposta_richiestaSAP>
   </soapenv:Body>
</soapenv:Envelope>]]></con:responseContent><con:wsaConfig mustUnderstand="NONE" version="200508" action="http://servizi.lavoro.gov.it/servizicoap/servizicoapWS/richiestaSAPResponse"/></con:response><con:dispatchConfig/></con:mockOperation><con:mockOperation name="verificaEsistenzaSAP" id="166412f5-04a8-4028-8260-65812e347554" interface="servizicoapWSSoapBinding" operation="verificaEsistenzaSAP"><con:settings/><con:defaultResponse>Resp_SAP_esempio_non_usato</con:defaultResponse><con:dispatchStyle>SCRIPT</con:dispatchStyle><con:dispatchPath>import groovy.sql.Sql
def holder = new com.eviware.soapui.support.XmlHolder( mockRequest.requestContent )

log.info ("entro in verificaEsistenzaSAP")

log.info("richiesta pervenuta:" +  mockRequest.getRequestContent())

def r = Math.random()
if( r &lt; 0.34 )
   {
   // in 1/3 dei casi restituivo X001
   log.info "esco da verificaEsistenzaSAP"
   return "Resp_err_X001"
   }
else
{
   // altrimenti elaboto la richiesta	
   // prelevo il codice fiscale dalla richiesta
   def codicefiscalecontainer = holder["//*:CodiceFiscale"].toString()
   def indexofstart = codicefiscalecontainer.indexOf("&lt;codiceFiscale>", 1)
   def indexofend = codicefiscalecontainer.indexOf("&lt;/codiceFiscale>", 1)
   def codicefiscale = codicefiscalecontainer.substring(indexofstart+15,indexofend)
   log.info "codicefiscale:" + codicefiscale

//     if (codicefiscale == "ZPPCML80A41F839O")
//     {
//     return "Resp_err_X001"
//     }

   if (!context.dbConnection) {
   	log.info "Connessione non disponibile. Verificare la connessione nello script di avvio."
   	return;
   }
   
   // eseguo la query sulla tabella test_soapui.sap con colonne [identificativosap,risposta]
   def row = context.dbConnection.firstRow("select identificativosap from sap where risposta like ?", ["%&lt;codicefiscale>"+codicefiscale+"&lt;/codicefiscale>%"])
   if( row != null )
   {
	// La query restituisce risultati
	context.session = row.identificativosap

     log.info "esco da verificaEsistenzaSAP"
     return "Resp_from_DB"
   }
   else 
   {
	// La query non restituisce risultati

     log.info "esco da verificaEsistenzaSAP"
	return "Resp_SAP_not_found"
   }

}





</con:dispatchPath><con:response name="Resp_SAP_esempio_non_usato" id="b4ad5421-3893-4604-a3ad-326a976d97f3" httpResponseStatus="200" encoding="UTF-8"><con:settings/><con:responseContent><![CDATA[<s:Envelope xmlns:s="http://schemas.xmlsoap.org/soap/envelope/">
	<s:Header>
		<openspcoop:integrazione SPCoopTipoMittente="SPC" SPCoopMittente="LAZIO" SPCoopTipoDestinatario="SPC" SPCoopDestinatario="NAZIONALE" SPCoopTipoServizio="SPC" SPCoopServizio="ServiziSAP" SPCoopAzione="verificaEsistenzaSAP" SPCoopID="LAZIO_LAZIOSPCoopIT_2001283_2017-08-04_12:59" SOAP_ENV:actor="http://it.regione.toscana.icar/Integrazione" SOAP_ENV:mustUnderstand="0" xmlns:openspcoop="http://it.regione.toscana.icar/Integrazione" xmlns:SOAP_ENV="http://schemas.xmlsoap.org/soap/envelope/"/>
	</s:Header>
	<s:Body>
		<risposta_verificaEsistenzaSAP xmlns="http://servizi.lavoro.gov.it/servizicoap/types">
			<CodiceSAP>AA28868621H</CodiceSAP>
		</risposta_verificaEsistenzaSAP>
	</s:Body>
</s:Envelope>]]></con:responseContent><con:wsaConfig mustUnderstand="NONE" version="200508" action="http://servizi.lavoro.gov.it/servizicoap/servizicoapWS/verificaEsistenzaSAPResponse"/></con:response><con:response name="Resp_SAP_not_found" id="b4ad5421-3893-4604-a3ad-326a976d97f3" httpResponseStatus="200" encoding="UTF-8"><con:settings/><con:responseContent><![CDATA[<s:Envelope xmlns:s="http://schemas.xmlsoap.org/soap/envelope/">
    <s:Header>
        <openspcoop:integrazione SPCoopTipoMittente="SPC" SPCoopMittente="LAZIO" SPCoopTipoDestinatario="SPC" SPCoopDestinatario="NAZIONALE" SPCoopTipoServizio="SPC" SPCoopServizio="ServiziSAP" SPCoopAzione="verificaEsistenzaSAP" SPCoopID="LAZIO_LAZIOSPCoopIT_2001283_2017-08-04_12:59" SOAP_ENV:actor="http://it.regione.toscana.icar/Integrazione" SOAP_ENV:mustUnderstand="0" xmlns:openspcoop="http://it.regione.toscana.icar/Integrazione" xmlns:SOAP_ENV="http://schemas.xmlsoap.org/soap/envelope/"/>
    </s:Header>
    <s:Body>
        <risposta_verificaEsistenzaSAP xmlns="http://servizi.lavoro.gov.it/servizicoap/types">
            <CodiceSAP>0</CodiceSAP>
        </risposta_verificaEsistenzaSAP>
    </s:Body>
</s:Envelope>]]></con:responseContent><con:wsaConfig mustUnderstand="NONE" version="200508" action="http://servizi.lavoro.gov.it/servizicoap/servizicoapWS/verificaEsistenzaSAPResponse"/></con:response><con:response name="Resp_err_X001" id="b4ad5421-3893-4604-a3ad-326a976d97f3" httpResponseStatus="200" encoding="UTF-8"><con:settings/><con:responseContent><![CDATA[<s:Envelope xmlns:s="http://schemas.xmlsoap.org/soap/envelope/">
	<s:Header>
		<openspcoop:integrazione SPCoopTipoMittente="SPC" SPCoopMittente="LAZIO" SPCoopTipoDestinatario="SPC" SPCoopDestinatario="NAZIONALE" SPCoopTipoServizio="SPC" SPCoopServizio="ServiziSAP" SPCoopAzione="verificaEsistenzaSAP" SPCoopID="LAZIO_LAZIOSPCoopIT_2001283_2017-08-04_12:59" SOAP_ENV:actor="http://it.regione.toscana.icar/Integrazione" SOAP_ENV:mustUnderstand="0" xmlns:openspcoop="http://it.regione.toscana.icar/Integrazione" xmlns:SOAP_ENV="http://schemas.xmlsoap.org/soap/envelope/"/>
	</s:Header>
	<s:Body>
		<risposta_verificaEsistenzaSAP xmlns="http://servizi.lavoro.gov.it/servizicoap/types">
			<CodiceSAP>X001 – Limite invocazioni raggiunto</CodiceSAP>
		</risposta_verificaEsistenzaSAP>
	</s:Body>
</s:Envelope>]]></con:responseContent><con:wsaConfig mustUnderstand="NONE" version="200508" action="http://servizi.lavoro.gov.it/servizicoap/servizicoapWS/verificaEsistenzaSAPResponse"/></con:response><con:response name="Resp_from_DB" id="b4ad5421-3893-4604-a3ad-326a976d97f3" httpResponseStatus="200" encoding="UTF-8"><con:settings/><con:responseContent><![CDATA[<s:Envelope xmlns:s="http://schemas.xmlsoap.org/soap/envelope/">
	<s:Header>
		<openspcoop:integrazione SPCoopTipoMittente="SPC" SPCoopMittente="LAZIO" SPCoopTipoDestinatario="SPC" SPCoopDestinatario="NAZIONALE" SPCoopTipoServizio="SPC" SPCoopServizio="ServiziSAP" SPCoopAzione="verificaEsistenzaSAP" SPCoopID="LAZIO_LAZIOSPCoopIT_2001283_2017-08-04_12:59" SOAP_ENV:actor="http://it.regione.toscana.icar/Integrazione" SOAP_ENV:mustUnderstand="0" xmlns:openspcoop="http://it.regione.toscana.icar/Integrazione" xmlns:SOAP_ENV="http://schemas.xmlsoap.org/soap/envelope/"/>
	</s:Header>
	<s:Body>
		<risposta_verificaEsistenzaSAP xmlns="http://servizi.lavoro.gov.it/servizicoap/types">
			<CodiceSAP>${session}</CodiceSAP>
		</risposta_verificaEsistenzaSAP>
	</s:Body>
</s:Envelope>]]></con:responseContent><con:wsaConfig mustUnderstand="NONE" version="200508" action="http://servizi.lavoro.gov.it/servizicoap/servizicoapWS/verificaEsistenzaSAPResponse"/></con:response><con:dispatchConfig/></con:mockOperation><con:mockOperation name="invioSAP" id="b106673b-8ba1-4c7d-bf77-df169c30a10e" interface="servizicoapWSSoapBinding" operation="invioSAP"><con:settings/><con:defaultResponse>Resp_from_DB</con:defaultResponse><con:dispatchStyle>SCRIPT</con:dispatchStyle><con:dispatchPath><![CDATA[import groovy.sql.Sql
def holder = new com.eviware.soapui.support.XmlHolder( mockRequest.requestContent )

log.info "entro in invioSAP"

def r = Math.random()
if( r < 0.34 )
   {
   // in 1/3 dei casi restituisco X001
   log.info "esco da invioSAP"
   return "Resp_err_X001"
   }
else
{
   // altrimenti elaboro la richiesta	
   // prelevo la SAP dalla richiesta
   def sap = holder["//*:SAP"].toString()
   log.info "SAP nella richiesta:" + sap


   def identificativosap = ""
   def sapcompleta = ""
   // se è una nuova SAP allora
   if( sap.contains("<identificativosap>") == false )
   {
   	  // è una SAP nuova
       // genero un codice SAP random
       def num = Math.abs(new Random().nextInt() % 89999999) + 10000000
       identificativosap = "ZZ" + num + "Z"
       log.info "identificativosap:" + identificativosap

       //aggiungo il codice SAP alla SAP in input
       sapcompleta = sap.replaceAll("</dataultimoagg>","</dataultimoagg>\n<identificativosap>"+identificativosap+"</identificativosap>")
       sapcompleta = "<![CDATA[" + sapcompleta + "]]]]>><![CDATA["
       log.info "SAP completata:" + sapcompleta
   } else {
       // NON è una SAP nuova 
       identificativosap = sap.substring(sap.indexOf("<identificativosap>") + 19 ,sap.indexOf("</identificativosap>") )
       log.info "identificativosap:" + identificativosap
       sapcompleta = "<![CDATA[" + sap + "]]]]>><![CDATA["   	
   }

   if (!context.dbConnection) {
   	log.info "Connessione non disponibile. Verificare la connessione nello script di avvio."
   	return;
   }
   
   // eseguo la insert sulla tabella sap con colonne [identificativosap,risposta]
   try {
      context.dbConnection.execute("insert into sap (identificativosap,risposta) values(?,?)", [identificativosap,sapcompleta])
      context.session = identificativosap

      log.info "esco da invioSAP"
      return "Resp_from_DB"
   } 
   catch (Exception ex) { 
   	 // insert in errore
      log.info "esco da invioSAP"
      return "Resp_error_other" 
   }
   

}





]]></con:dispatchPath><con:response name="Resp_esempio_non_usato" id="7705eb0d-97d7-4301-80b9-6a5c460e1049" httpResponseStatus="200" encoding="UTF-8"><con:settings/><con:responseContent><![CDATA[<s:Envelope xmlns:s="http://schemas.xmlsoap.org/soap/envelope/">
   <s:Header>
      <openspcoop:integrazione SPCoopTipoMittente="SPC" SPCoopMittente="EMILIA" SPCoopTipoDestinatario="SPC" SPCoopDestinatario="NAZIONALE" SPCoopTipoServizio="SPC" SPCoopServizio="ServiziSAP" SPCoopAzione="invioSAP" SPCoopID="EMILIA_EMILIASPCoopIT_1000302_2017-09-14_11:44" SOAP_ENV:actor="http://it.regione.toscana.icar/Integrazione" SOAP_ENV:mustUnderstand="0" xmlns:openspcoop="http://it.regione.toscana.icar/Integrazione" xmlns:SOAP_ENV="http://schemas.xmlsoap.org/soap/envelope/"/>
   </s:Header>
   <s:Body>
      <risposta_invioSAP xmlns="http://servizi.lavoro.gov.it/servizicoap/types">
         <Esito>OK</Esito>
         <MessaggioErrore>Invio effettuato correttamente.</MessaggioErrore>
         <CodiceSAP>AA28838629P</CodiceSAP>
      </risposta_invioSAP>
   </s:Body>
</s:Envelope>
]]></con:responseContent><con:wsaConfig mustUnderstand="NONE" version="200508" action="http://servizi.lavoro.gov.it/servizicoap/servizicoapWS/invioSAPResponse"/></con:response><con:response name="Resp_err_X001" id="7705eb0d-97d7-4301-80b9-6a5c460e1049" httpResponseStatus="200" encoding="UTF-8"><con:settings/><con:responseContent><![CDATA[<s:Envelope xmlns:s="http://schemas.xmlsoap.org/soap/envelope/">
   <s:Header>
      <openspcoop:integrazione SPCoopTipoMittente="SPC" SPCoopMittente="EMILIA" SPCoopTipoDestinatario="SPC" SPCoopDestinatario="NAZIONALE" SPCoopTipoServizio="SPC" SPCoopServizio="ServiziSAP" SPCoopAzione="invioSAP" SPCoopID="EMILIA_EMILIASPCoopIT_1000302_2017-09-14_11:44" SOAP_ENV:actor="http://it.regione.toscana.icar/Integrazione" SOAP_ENV:mustUnderstand="0" xmlns:openspcoop="http://it.regione.toscana.icar/Integrazione" xmlns:SOAP_ENV="http://schemas.xmlsoap.org/soap/envelope/"/>
   </s:Header>
   <s:Body>
      <risposta_invioSAP xmlns="http://servizi.lavoro.gov.it/servizicoap/types">
         <Esito>X001</Esito>
         <MessaggioErrore>Limite invocazioni raggiunto</MessaggioErrore>
         <CodiceSAP/>
      </risposta_invioSAP>
   </s:Body>
</s:Envelope>
]]></con:responseContent><con:wsaConfig mustUnderstand="NONE" version="200508" action="http://servizi.lavoro.gov.it/servizicoap/servizicoapWS/invioSAPResponse"/></con:response><con:response name="Resp_error_other" id="7705eb0d-97d7-4301-80b9-6a5c460e1049" httpResponseStatus="200" encoding="UTF-8"><con:settings/><con:responseContent><![CDATA[<s:Envelope xmlns:s="http://schemas.xmlsoap.org/soap/envelope/">
   <s:Header>
      <openspcoop:integrazione SPCoopTipoMittente="SPC" SPCoopMittente="EMILIA" SPCoopTipoDestinatario="SPC" SPCoopDestinatario="NAZIONALE" SPCoopTipoServizio="SPC" SPCoopServizio="ServiziSAP" SPCoopAzione="invioSAP" SPCoopID="EMILIA_EMILIASPCoopIT_1000302_2017-09-14_11:44" SOAP_ENV:actor="http://it.regione.toscana.icar/Integrazione" SOAP_ENV:mustUnderstand="0" xmlns:openspcoop="http://it.regione.toscana.icar/Integrazione" xmlns:SOAP_ENV="http://schemas.xmlsoap.org/soap/envelope/"/>
   </s:Header>
   <s:Body>
      <risposta_invioSAP xmlns="http://servizi.lavoro.gov.it/servizicoap/types">
         <Esito>KO</Esito>
         <MessaggioErrore><![CDATA[<ListaAnomalie><Anomalia><CodiceAnomalia>S086</CodiceAnomalia><DescrizioneAnomalia>Non deve esistere più di un patto di servizio attivo per il tipo progetto 05-Presa in carico D.Lgs. 150</DescrizioneAnomalia><CampiInErrore>Sap[1]</CampiInErrore></Anomalia></ListaAnomalie>]]]]>><![CDATA[</MessaggioErrore>
         <CodiceSAP/>
      </risposta_invioSAP>
   </s:Body>
</s:Envelope>
]]></con:responseContent><con:wsaConfig mustUnderstand="NONE" version="200508" action="http://servizi.lavoro.gov.it/servizicoap/servizicoapWS/invioSAPResponse"/></con:response><con:response name="Resp_from_DB" id="7705eb0d-97d7-4301-80b9-6a5c460e1049" httpResponseStatus="200" encoding="UTF-8"><con:settings/><con:responseContent><![CDATA[<s:Envelope xmlns:s="http://schemas.xmlsoap.org/soap/envelope/">
   <s:Header>
      <openspcoop:integrazione SPCoopTipoMittente="SPC" SPCoopMittente="LAZIO" SPCoopTipoDestinatario="SPC" SPCoopDestinatario="NAZIONALE" SPCoopTipoServizio="SPC" SPCoopServizio="ServiziSAP" SPCoopAzione="invioSAP" SPCoopID="LAZIO_LAZIOSPCoopIT_1000302_2017-09-14_11:44" SOAP_ENV:actor="http://it.regione.toscana.icar/Integrazione" SOAP_ENV:mustUnderstand="0" xmlns:openspcoop="http://it.regione.toscana.icar/Integrazione" xmlns:SOAP_ENV="http://schemas.xmlsoap.org/soap/envelope/"/>
   </s:Header>
   <s:Body>
      <risposta_invioSAP xmlns="http://servizi.lavoro.gov.it/servizicoap/types">
         <Esito>OK</Esito>
         <MessaggioErrore>Invio effettuato correttamente.</MessaggioErrore>
         <CodiceSAP>${session}</CodiceSAP>
      </risposta_invioSAP>
   </s:Body>
</s:Envelope>
]]></con:responseContent><con:wsaConfig mustUnderstand="NONE" version="200508" action="http://servizi.lavoro.gov.it/servizicoap/servizicoapWS/invioSAPResponse"/></con:response><con:dispatchConfig/></con:mockOperation><con:mockOperation name="richiestaSAP_N00_A02" id="5c8d84e4-a7c7-46e6-97e2-97a8dbf63b0f" interface="servizicoapWSSoapBinding" operation="richiestaSAP_N00_A02"><con:settings/><con:defaultResponse>Resp_DID_esempio_non_usato</con:defaultResponse><con:dispatchStyle>SCRIPT</con:dispatchStyle><con:dispatchPath>import groovy.sql.Sql
def holder = new com.eviware.soapui.support.XmlHolder( mockRequest.requestContent )

log.info "entro in richieataSAP_N00_A02"

def r = Math.random()
if( r &lt; 0.34 )
   {
   // in 1/3 dei casi restituivo X001
   log.info "esco da richieataSAP_N00_A02"
   return "Resp_err_X001"
   }
else
{
   // altrimenti elaboro la richiesta	
   // prelevo il codice fiscale dalla richiesta
   def codicefiscale=""
   def codicefiscalecontainer = ""
   def indexofstart = -1
   def indexofend = -1
   
   codicefiscalecontainer = holder["//*:CodiceFiscale"].toString()
   indexofstart = codicefiscalecontainer.indexOf("&lt;codiceFiscale>", 1)

   if (indexofstart == -1)
   	codicefiscale = codicefiscalecontainer
   else {
     indexofend = codicefiscalecontainer.indexOf("&lt;/codiceFiscale>", 1)
     codicefiscale = codicefiscalecontainer.substring(indexofstart+15,indexofend)
   }  
   log.info "codicefiscale:" + codicefiscale

//   if (codicefiscale == "CLDLCN80A41F839U")
//     {
//     return "Resp_err_X001"
//     }

   if (!context.dbConnection) {
   	log.info "Connessione non disponibile. Verificare la connessione nello script di avvio."
   	return;
   }
   
   // eseguo la query sulla tabella test_soapui.sap con colonne [identificativosap,risposta]
   def row = context.dbConnection.firstRow("select risposta from did where codicefiscale = ?", [codicefiscale])
   if( row != null )
   {
	// La query restituisce risultati
	context.session = row.risposta

     log.info "esco da richieataSAP_N00_A02"
     return "Resp_from_DB"
   }
   else 
   {
	// La query non restituisce risultati

     log.info "esco da richieataSAP_N00_A02"
	return "Resp_DID_not_found"
   }

}





</con:dispatchPath><con:response name="Resp_DID_esempio_non_usato" id="f94d3779-a63f-4aa0-bd34-4343107d01cf" httpResponseStatus="200" encoding="UTF-8"><con:settings/><con:responseContent><![CDATA[<soapenv:Envelope xmlns:soapenv="http://schemas.xmlsoap.org/soap/envelope/" xmlns:typ="http://servizi.lavoro.gov.it/servizicoap/types">
   <soapenv:Header/>
   <soapenv:Body>
      <typ:risposta_richiestaSAP_N00_A02>
         <typ:DID><![CDATA[
<ListaDID>
	<codicefiscale>GRGGNN98L01H199A</codicefiscale>
	<codiceentetit>H501C000523</codiceentetit>
	<dataultimoagg>2018-09-21</dataultimoagg>
	<indiceprofiling>0.644371661</indiceprofiling>
	<dataevento>2018-04-05</dataevento>
	<disponibilita>2018-04-05</disponibilita>
	<N00>
		<tipo_attivita>N00</tipo_attivita>
		<titolo_denominazione>0000010800G</titolo_denominazione>
		<data_proposta>2018-04-05</data_proposta>
		<data>2018-04-05</data>
		<data_fine>2018-04-05</data_fine>
		<descrizione>Convalida DID Online</descrizione>
		<titolo_progetto>05</titolo_progetto>
		<codice_ente_promotore>H501N000001</codice_ente_promotore>
		<identificativo_politica>0000010800G</identificativo_politica>
		<indice_profiling>0.644371661</indice_profiling>
		<identificativo_presa_in_carico>0670018e72E</identificativo_presa_in_carico>
		<ultimo_evento>
			<evento>02</evento>
			<data_evento>2018-04-05</data_evento>
		</ultimo_evento>
	</N00>
	<A02>
		<tipo_attivita>A02</tipo_attivita>
		<titolo_denominazione>PATTO DI ATTIVAZIONE ED EVENTUALE PROFILING</titolo_denominazione>
		<data_proposta>2018-04-05</data_proposta>
		<data>2018-04-05</data>
		<data_fine>2018-04-05</data_fine>
		<descrizione>Progetto di politica attiva regionale/provinciale</descrizione>
		<titolo_progetto>05</titolo_progetto>
		<codice_ente_promotore>F257C000424</codice_ente_promotore>
		<identificativo_politica>0670018e72E</identificativo_politica>
		<indice_profiling>2</indice_profiling>
		<ultimo_evento>
			<evento>02</evento>
			<data_evento>2018-04-05</data_evento>
		</ultimo_evento>
	</A02>
</ListaDID>  
       ]]]]>><![CDATA[
         </typ:DID>
      </typ:risposta_richiestaSAP_N00_A02>
   </soapenv:Body>
</soapenv:Envelope>]]></con:responseContent><con:wsaConfig mustUnderstand="NONE" version="200508" action="http://servizi.lavoro.gov.it/servizicoap/servizicoapWS/richiestaSAP_N00_A02Response"/></con:response><con:response name="Resp_err_X001" id="f94d3779-a63f-4aa0-bd34-4343107d01cf" httpResponseStatus="200" encoding="UTF-8"><con:settings/><con:responseContent><![CDATA[<soapenv:Envelope xmlns:soapenv="http://schemas.xmlsoap.org/soap/envelope/" xmlns:typ="http://servizi.lavoro.gov.it/servizicoap/types">
   <soapenv:Header/>
   <soapenv:Body>
      <typ:risposta_richiestaSAP_N00_A02>
         <typ:DID>X001 – Limite invocazioni raggiunto</typ:DID>
      </typ:risposta_richiestaSAP_N00_A02>
   </soapenv:Body>
</soapenv:Envelope>]]></con:responseContent><con:wsaConfig mustUnderstand="NONE" version="200508" action="http://servizi.lavoro.gov.it/servizicoap/servizicoapWS/richiestaSAP_N00_A02Response"/></con:response><con:response name="Resp_DID_not_found" id="f94d3779-a63f-4aa0-bd34-4343107d01cf" httpResponseStatus="200" encoding="UTF-8"><con:settings/><con:responseContent><![CDATA[<soapenv:Envelope xmlns:soapenv="http://schemas.xmlsoap.org/soap/envelope/" xmlns:typ="http://servizi.lavoro.gov.it/servizicoap/types">
   <soapenv:Header/>
   <soapenv:Body>
      <typ:risposta_richiestaSAP_N00_A02>
         <typ:DID/>
      </typ:risposta_richiestaSAP_N00_A02>
   </soapenv:Body>
</soapenv:Envelope>]]></con:responseContent><con:wsaConfig mustUnderstand="NONE" version="200508" action="http://servizi.lavoro.gov.it/servizicoap/servizicoapWS/richiestaSAP_N00_A02Response"/></con:response><con:response name="Resp_from_DB" id="f94d3779-a63f-4aa0-bd34-4343107d01cf" httpResponseStatus="200" encoding="UTF-8"><con:settings/><con:responseContent><![CDATA[<soapenv:Envelope xmlns:soapenv="http://schemas.xmlsoap.org/soap/envelope/" xmlns:typ="http://servizi.lavoro.gov.it/servizicoap/types">
   <soapenv:Header/>
   <soapenv:Body>
      <typ:risposta_richiestaSAP_N00_A02>
         <typ:DID>${session}</typ:DID>
      </typ:risposta_richiestaSAP_N00_A02>
   </soapenv:Body>
</soapenv:Envelope>]]></con:responseContent><con:wsaConfig mustUnderstand="NONE" version="200508" action="http://servizi.lavoro.gov.it/servizicoap/servizicoapWS/richiestaSAP_N00_A02Response"/></con:response><con:dispatchConfig/></con:mockOperation></con:mockService><con:properties><con:property><con:name>dbhost</con:name><con:value>migrazione-sil-oracle.westeurope.cloudapp.azure.com</con:value></con:property><con:property><con:name>dbname</con:name><con:value>ORAMIG12</con:value></con:property><con:property><con:name>dbusername</con:name><con:value>ws_stub</con:value></con:property><con:property><con:name>dbpassword</con:name><con:value>test</con:value></con:property><con:property><con:name>dbport</con:name><con:value>1521</con:value></con:property><con:property><con:name>dbtype</con:name><con:value>oracle</con:value></con:property></con:properties><con:wssContainer/><con:oAuth2ProfileContainer/><con:oAuth1ProfileContainer/><con:sensitiveInformation/></con:soapui-project>